The system is: Linux - 5.4.0-91-generic - x86_64
Compiling the C compiler identification source file "CMakeCCompilerId.c" succeeded.
Compiler: /media/lhb/long/Ingenic/sdk/mips-gcc472-glibc216-64bit/bin/mips-linux-gnu-gcc 
Build flags: 
Id flags:  

The output was:
0


Compilation of the C compiler identification source "CMakeCCompilerId.c" produced "a.out"

The C compiler identification is GNU, found in "/media/lhb/long/github/smallcv1/build2/CMakeFiles/3.15.0/CompilerIdC/a.out"

Compiling the CXX compiler identification source file "CMakeCXXCompilerId.cpp" succeeded.
Compiler: /media/lhb/long/Ingenic/sdk/mips-gcc472-glibc216-64bit/bin/mips-linux-gnu-g++ 
Build flags: 
Id flags:  

The output was:
0


Compilation of the CXX compiler identification source "CMakeCXXCompilerId.cpp" produced "a.out"

The CXX compiler identification is GNU, found in "/media/lhb/long/github/smallcv1/build2/CMakeFiles/3.15.0/CompilerIdCXX/a.out"

Determining if the C compiler works passed with the following output:
Change Dir: /media/lhb/long/github/smallcv1/build2/CMakeFiles/CMakeTmp

Run Build Command(s):/usr/bin/make cmTC_40d21/fast && /usr/bin/make -f CMakeFiles/cmTC_40d21.dir/build.make CMakeFiles/cmTC_40d21.dir/build
make[1]: Entering directory '/media/lhb/long/github/smallcv1/build2/CMakeFiles/CMakeTmp'
Building C object CMakeFiles/cmTC_40d21.dir/testCCompiler.c.o
/media/lhb/long/Ingenic/sdk/mips-gcc472-glibc216-64bit/bin/mips-linux-gnu-gcc    -o CMakeFiles/cmTC_40d21.dir/testCCompiler.c.o   -c /media/lhb/long/github/smallcv1/build2/CMakeFiles/CMakeTmp/testCCompiler.c
Linking C executable cmTC_40d21
/usr/local/bin/cmake -E cmake_link_script CMakeFiles/cmTC_40d21.dir/link.txt --verbose=1
/media/lhb/long/Ingenic/sdk/mips-gcc472-glibc216-64bit/bin/mips-linux-gnu-gcc      CMakeFiles/cmTC_40d21.dir/testCCompiler.c.o  -o cmTC_40d21 
make[1]: Leaving directory '/media/lhb/long/github/smallcv1/build2/CMakeFiles/CMakeTmp'



Detecting C compiler ABI info compiled with the following output:
Change Dir: /media/lhb/long/github/smallcv1/build2/CMakeFiles/CMakeTmp

Run Build Command(s):/usr/bin/make cmTC_0d1c1/fast && /usr/bin/make -f CMakeFiles/cmTC_0d1c1.dir/build.make CMakeFiles/cmTC_0d1c1.dir/build
make[1]: Entering directory '/media/lhb/long/github/smallcv1/build2/CMakeFiles/CMakeTmp'
Building C object CMakeFiles/cmTC_0d1c1.dir/CMakeCCompilerABI.c.o
/media/lhb/long/Ingenic/sdk/mips-gcc472-glibc216-64bit/bin/mips-linux-gnu-gcc   -v -o CMakeFiles/cmTC_0d1c1.dir/CMakeCCompilerABI.c.o   -c /usr/local/share/cmake-3.15/Modules/CMakeCCompilerABI.c
Using built-in specs.
COLLECT_GCC=/media/lhb/long/Ingenic/sdk/mips-gcc472-glibc216-64bit/bin/mips-linux-gnu-gcc
Target: mips-linux-gnu
Configured with: /home/toolchains/r2.3.3/src/gcc-4.7-2012.09/configure --build=i686-pc-linux-gnu --host=i686-pc-linux-gnu --target=mips-linux-gnu --enable-threads --disable-libmudflap --disable-libssp --disable-libstdcxx-pch --with-arch-32=mips32r2 --with-float=hard --with-mips-plt --enable-extra-sgxxlite-multilibs --with-gnu-as --with-gnu-ld --with-specs='%{save-temps: -fverbose-asm} -D__CS_SOURCERYGXX_MAJ__=2012 -D__CS_SOURCERYGXX_MIN__=9 -D__CS_SOURCERYGXX_REV__=99' --enable-languages=c,c++,fortran --enable-shared --enable-lto --enable-symvers=gnu --enable-__cxa_atexit --with-pkgversion='Ingenic r2.3.3 2016.12' --disable-nls --prefix=/home/toolchains/r2.3.3/install --with-sysroot=/home/toolchains/r2.3.3/install/mips-linux-gnu/libc --with-build-sysroot=/home/toolchains/r2.3.3/install/mips-linux-gnu/libc --with-gmp=/home/toolchains/r2.3.3/obj/pkg-2012.09-99-mips-linux-gnu/mips-2012.09-99-mips-linux-gnu.extras/host-libs-i686-pc-linux-gnu/usr --with-mpfr=/home/toolchains/r2.3.3/obj/pkg-2012.09-99-mips-linux-gnu/mips-2012.09-99-mips-linux-gnu.extras/host-libs-i686-pc-linux-gnu/usr --with-mpc=/home/toolchains/r2.3.3/obj/pkg-2012.09-99-mips-linux-gnu/mips-2012.09-99-mips-linux-gnu.extras/host-libs-i686-pc-linux-gnu/usr --with-ppl=/home/toolchains/r2.3.3/obj/pkg-2012.09-99-mips-linux-gnu/mips-2012.09-99-mips-linux-gnu.extras/host-libs-i686-pc-linux-gnu/usr --with-host-libstdcxx='-static-libgcc -Wl,-Bstatic,-lstdc++,-Bdynamic -lm' --with-cloog=/home/toolchains/r2.3.3/obj/pkg-2012.09-99-mips-linux-gnu/mips-2012.09-99-mips-linux-gnu.extras/host-libs-i686-pc-linux-gnu/usr --with-libelf=/home/toolchains/r2.3.3/obj/pkg-2012.09-99-mips-linux-gnu/mips-2012.09-99-mips-linux-gnu.extras/host-libs-i686-pc-linux-gnu/usr --disable-libgomp --disable-libitm --enable-poison-system-directories --with-build-time-tools=/home/toolchains/r2.3.3/install/mips-linux-gnu/bin
Thread model: posix
gcc version 4.7.2 (Ingenic r2.3.3 2016.12) 
COLLECT_GCC_OPTIONS='-v' '-o' 'CMakeFiles/cmTC_0d1c1.dir/CMakeCCompilerABI.c.o' '-c' '-march=mips32r2' '-mhard-float' '-mllsc' '-mplt' '-mno-synci' '-mno-shared' '-EL' '-mabi=32' '-D' '__CS_SOURCERYGXX_MAJ__=2012' '-D' '__CS_SOURCERYGXX_MIN__=9' '-D' '__CS_SOURCERYGXX_REV__=99'
 /media/lhb/long/Ingenic/sdk/mips-gcc472-glibc216-64bit/bin/../libexec/gcc/mips-linux-gnu/4.7.2/cc1 -quiet -v -iprefix /media/lhb/long/Ingenic/sdk/mips-gcc472-glibc216-64bit/bin/../lib/gcc/mips-linux-gnu/4.7.2/ -isysroot /media/lhb/long/Ingenic/sdk/mips-gcc472-glibc216-64bit/bin/../mips-linux-gnu/libc -D __CS_SOURCERYGXX_MAJ__=2012 -D __CS_SOURCERYGXX_MIN__=9 -D __CS_SOURCERYGXX_REV__=99 /usr/local/share/cmake-3.15/Modules/CMakeCCompilerABI.c -mel -quiet -dumpbase CMakeCCompilerABI.c -march=mips32r2 -mhard-float -mllsc -mplt -mno-synci -mno-shared -mabi=32 -auxbase-strip CMakeFiles/cmTC_0d1c1.dir/CMakeCCompilerABI.c.o -version -o /tmp/ccAJdrwj.s
GNU C (Ingenic r2.3.3 2016.12) version 4.7.2 (mips-linux-gnu)
	compiled by GNU C version 4.4.7 20120313 (Red Hat 4.4.7-3), GMP version 5.0.5, MPFR version 3.1.1-p2, MPC version 1.0.1
GGC heuristics: --param ggc-min-expand=100 --param ggc-min-heapsize=131072
ignoring duplicate directory "/media/lhb/long/Ingenic/sdk/mips-gcc472-glibc216-64bit/bin/../lib/gcc/../../lib/gcc/mips-linux-gnu/4.7.2/include"
ignoring nonexistent directory "/media/lhb/long/Ingenic/sdk/mips-gcc472-glibc216-64bit/bin/../mips-linux-gnu/libc/usr/local/include"
ignoring duplicate directory "/media/lhb/long/Ingenic/sdk/mips-gcc472-glibc216-64bit/bin/../lib/gcc/../../lib/gcc/mips-linux-gnu/4.7.2/include-fixed"
ignoring duplicate directory "/media/lhb/long/Ingenic/sdk/mips-gcc472-glibc216-64bit/bin/../lib/gcc/../../lib/gcc/mips-linux-gnu/4.7.2/../../../../mips-linux-gnu/include"
#include "..." search starts here:
#include <...> search starts here:
 /media/lhb/long/Ingenic/sdk/mips-gcc472-glibc216-64bit/bin/../lib/gcc/mips-linux-gnu/4.7.2/include
 /media/lhb/long/Ingenic/sdk/mips-gcc472-glibc216-64bit/bin/../lib/gcc/mips-linux-gnu/4.7.2/include-fixed
 /media/lhb/long/Ingenic/sdk/mips-gcc472-glibc216-64bit/bin/../lib/gcc/mips-linux-gnu/4.7.2/../../../../mips-linux-gnu/include
 /media/lhb/long/Ingenic/sdk/mips-gcc472-glibc216-64bit/bin/../mips-linux-gnu/libc/usr/include
End of search list.
GNU C (Ingenic r2.3.3 2016.12) version 4.7.2 (mips-linux-gnu)
	compiled by GNU C version 4.4.7 20120313 (Red Hat 4.4.7-3), GMP version 5.0.5, MPFR version 3.1.1-p2, MPC version 1.0.1
GGC heuristics: --param ggc-min-expand=100 --param ggc-min-heapsize=131072
Compiler executable checksum: 3ac6a4ce755d91c99e3d203d7a75b5d2
COLLECT_GCC_OPTIONS='-v' '-o' 'CMakeFiles/cmTC_0d1c1.dir/CMakeCCompilerABI.c.o' '-c' '-march=mips32r2' '-mhard-float' '-mllsc' '-mplt' '-mno-synci' '-mno-shared' '-EL' '-mabi=32' '-D' '__CS_SOURCERYGXX_MAJ__=2012' '-D' '__CS_SOURCERYGXX_MIN__=9' '-D' '__CS_SOURCERYGXX_REV__=99'
 /media/lhb/long/Ingenic/sdk/mips-gcc472-glibc216-64bit/bin/../lib/gcc/mips-linux-gnu/4.7.2/../../../../mips-linux-gnu/bin/as -v -EL -O1 -no-mdebug -mabi=32 -march=mips32r2 -mno-shared -call_nonpic -o CMakeFiles/cmTC_0d1c1.dir/CMakeCCompilerABI.c.o /tmp/ccAJdrwj.s
GNU assembler version 2.24.51 (mips-linux-gnu) using BFD version (Ingenic r2.3.3 2016.12) 2.24.51.20140512
COMPILER_PATH=/media/lhb/long/Ingenic/sdk/mips-gcc472-glibc216-64bit/bin/../libexec/gcc/mips-linux-gnu/4.7.2/:/media/lhb/long/Ingenic/sdk/mips-gcc472-glibc216-64bit/bin/../libexec/gcc/:/media/lhb/long/Ingenic/sdk/mips-gcc472-glibc216-64bit/bin/../lib/gcc/mips-linux-gnu/4.7.2/../../../../mips-linux-gnu/bin/
LIBRARY_PATH=/media/lhb/long/Ingenic/sdk/mips-gcc472-glibc216-64bit/bin/../lib/gcc/mips-linux-gnu/4.7.2/:/media/lhb/long/Ingenic/sdk/mips-gcc472-glibc216-64bit/bin/../lib/gcc/:/media/lhb/long/Ingenic/sdk/mips-gcc472-glibc216-64bit/bin/../lib/gcc/mips-linux-gnu/4.7.2/../../../../mips-linux-gnu/lib/:/media/lhb/long/Ingenic/sdk/mips-gcc472-glibc216-64bit/bin/../mips-linux-gnu/libc/lib/:/media/lhb/long/Ingenic/sdk/mips-gcc472-glibc216-64bit/bin/../mips-linux-gnu/libc/usr/lib/
COLLECT_GCC_OPTIONS='-v' '-o' 'CMakeFiles/cmTC_0d1c1.dir/CMakeCCompilerABI.c.o' '-c' '-march=mips32r2' '-mhard-float' '-mllsc' '-mplt' '-mno-synci' '-mno-shared' '-EL' '-mabi=32' '-D' '__CS_SOURCERYGXX_MAJ__=2012' '-D' '__CS_SOURCERYGXX_MIN__=9' '-D' '__CS_SOURCERYGXX_REV__=99'
Linking C executable cmTC_0d1c1
/usr/local/bin/cmake -E cmake_link_script CMakeFiles/cmTC_0d1c1.dir/link.txt --verbose=1
/media/lhb/long/Ingenic/sdk/mips-gcc472-glibc216-64bit/bin/mips-linux-gnu-gcc     -v CMakeFiles/cmTC_0d1c1.dir/CMakeCCompilerABI.c.o  -o cmTC_0d1c1 
Using built-in specs.
COLLECT_GCC=/media/lhb/long/Ingenic/sdk/mips-gcc472-glibc216-64bit/bin/mips-linux-gnu-gcc
COLLECT_LTO_WRAPPER=/media/lhb/long/Ingenic/sdk/mips-gcc472-glibc216-64bit/bin/../libexec/gcc/mips-linux-gnu/4.7.2/lto-wrapper
Target: mips-linux-gnu
Configured with: /home/toolchains/r2.3.3/src/gcc-4.7-2012.09/configure --build=i686-pc-linux-gnu --host=i686-pc-linux-gnu --target=mips-linux-gnu --enable-threads --disable-libmudflap --disable-libssp --disable-libstdcxx-pch --with-arch-32=mips32r2 --with-float=hard --with-mips-plt --enable-extra-sgxxlite-multilibs --with-gnu-as --with-gnu-ld --with-specs='%{save-temps: -fverbose-asm} -D__CS_SOURCERYGXX_MAJ__=2012 -D__CS_SOURCERYGXX_MIN__=9 -D__CS_SOURCERYGXX_REV__=99' --enable-languages=c,c++,fortran --enable-shared --enable-lto --enable-symvers=gnu --enable-__cxa_atexit --with-pkgversion='Ingenic r2.3.3 2016.12' --disable-nls --prefix=/home/toolchains/r2.3.3/install --with-sysroot=/home/toolchains/r2.3.3/install/mips-linux-gnu/libc --with-build-sysroot=/home/toolchains/r2.3.3/install/mips-linux-gnu/libc --with-gmp=/home/toolchains/r2.3.3/obj/pkg-2012.09-99-mips-linux-gnu/mips-2012.09-99-mips-linux-gnu.extras/host-libs-i686-pc-linux-gnu/usr --with-mpfr=/home/toolchains/r2.3.3/obj/pkg-2012.09-99-mips-linux-gnu/mips-2012.09-99-mips-linux-gnu.extras/host-libs-i686-pc-linux-gnu/usr --with-mpc=/home/toolchains/r2.3.3/obj/pkg-2012.09-99-mips-linux-gnu/mips-2012.09-99-mips-linux-gnu.extras/host-libs-i686-pc-linux-gnu/usr --with-ppl=/home/toolchains/r2.3.3/obj/pkg-2012.09-99-mips-linux-gnu/mips-2012.09-99-mips-linux-gnu.extras/host-libs-i686-pc-linux-gnu/usr --with-host-libstdcxx='-static-libgcc -Wl,-Bstatic,-lstdc++,-Bdynamic -lm' --with-cloog=/home/toolchains/r2.3.3/obj/pkg-2012.09-99-mips-linux-gnu/mips-2012.09-99-mips-linux-gnu.extras/host-libs-i686-pc-linux-gnu/usr --with-libelf=/home/toolchains/r2.3.3/obj/pkg-2012.09-99-mips-linux-gnu/mips-2012.09-99-mips-linux-gnu.extras/host-libs-i686-pc-linux-gnu/usr --disable-libgomp --disable-libitm --enable-poison-system-directories --with-build-time-tools=/home/toolchains/r2.3.3/install/mips-linux-gnu/bin
Thread model: posix
gcc version 4.7.2 (Ingenic r2.3.3 2016.12) 
COMPILER_PATH=/media/lhb/long/Ingenic/sdk/mips-gcc472-glibc216-64bit/bin/../libexec/gcc/mips-linux-gnu/4.7.2/:/media/lhb/long/Ingenic/sdk/mips-gcc472-glibc216-64bit/bin/../libexec/gcc/:/media/lhb/long/Ingenic/sdk/mips-gcc472-glibc216-64bit/bin/../lib/gcc/mips-linux-gnu/4.7.2/../../../../mips-linux-gnu/bin/
LIBRARY_PATH=/media/lhb/long/Ingenic/sdk/mips-gcc472-glibc216-64bit/bin/../lib/gcc/mips-linux-gnu/4.7.2/:/media/lhb/long/Ingenic/sdk/mips-gcc472-glibc216-64bit/bin/../lib/gcc/:/media/lhb/long/Ingenic/sdk/mips-gcc472-glibc216-64bit/bin/../lib/gcc/mips-linux-gnu/4.7.2/../../../../mips-linux-gnu/lib/:/media/lhb/long/Ingenic/sdk/mips-gcc472-glibc216-64bit/bin/../mips-linux-gnu/libc/lib/:/media/lhb/long/Ingenic/sdk/mips-gcc472-glibc216-64bit/bin/../mips-linux-gnu/libc/usr/lib/
COLLECT_GCC_OPTIONS='-v' '-o' 'cmTC_0d1c1' '-march=mips32r2' '-mhard-float' '-mllsc' '-mplt' '-mno-synci' '-mno-shared' '-EL' '-mabi=32' '-D' '__CS_SOURCERYGXX_MAJ__=2012' '-D' '__CS_SOURCERYGXX_MIN__=9' '-D' '__CS_SOURCERYGXX_REV__=99'
 /media/lhb/long/Ingenic/sdk/mips-gcc472-glibc216-64bit/bin/../libexec/gcc/mips-linux-gnu/4.7.2/collect2 --sysroot=/media/lhb/long/Ingenic/sdk/mips-gcc472-glibc216-64bit/bin/../mips-linux-gnu/libc --eh-frame-hdr -EL -EL -dynamic-linker /lib/ld.so.1 -melf32ltsmip -o cmTC_0d1c1 /media/lhb/long/Ingenic/sdk/mips-gcc472-glibc216-64bit/bin/../mips-linux-gnu/libc/usr/lib/crt1.o /media/lhb/long/Ingenic/sdk/mips-gcc472-glibc216-64bit/bin/../mips-linux-gnu/libc/usr/lib/crti.o /media/lhb/long/Ingenic/sdk/mips-gcc472-glibc216-64bit/bin/../lib/gcc/mips-linux-gnu/4.7.2/crtbegin.o -L/media/lhb/long/Ingenic/sdk/mips-gcc472-glibc216-64bit/bin/../lib/gcc/mips-linux-gnu/4.7.2 -L/media/lhb/long/Ingenic/sdk/mips-gcc472-glibc216-64bit/bin/../lib/gcc -L/media/lhb/long/Ingenic/sdk/mips-gcc472-glibc216-64bit/bin/../lib/gcc/mips-linux-gnu/4.7.2/../../../../mips-linux-gnu/lib -L/media/lhb/long/Ingenic/sdk/mips-gcc472-glibc216-64bit/bin/../mips-linux-gnu/libc/lib -L/media/lhb/long/Ingenic/sdk/mips-gcc472-glibc216-64bit/bin/../mips-linux-gnu/libc/usr/lib CMakeFiles/cmTC_0d1c1.dir/CMakeCCompilerABI.c.o -lgcc --as-needed -lgcc_s --no-as-needed -lc -lgcc --as-needed -lgcc_s --no-as-needed /media/lhb/long/Ingenic/sdk/mips-gcc472-glibc216-64bit/bin/../lib/gcc/mips-linux-gnu/4.7.2/crtend.o /media/lhb/long/Ingenic/sdk/mips-gcc472-glibc216-64bit/bin/../mips-linux-gnu/libc/usr/lib/crtn.o
make[1]: Leaving directory '/media/lhb/long/github/smallcv1/build2/CMakeFiles/CMakeTmp'



Parsed C implicit include dir info from above output: rv=done
  found start of include info
  found start of implicit include info
    add: [/media/lhb/long/Ingenic/sdk/mips-gcc472-glibc216-64bit/bin/../lib/gcc/mips-linux-gnu/4.7.2/include]
    add: [/media/lhb/long/Ingenic/sdk/mips-gcc472-glibc216-64bit/bin/../lib/gcc/mips-linux-gnu/4.7.2/include-fixed]
    add: [/media/lhb/long/Ingenic/sdk/mips-gcc472-glibc216-64bit/bin/../lib/gcc/mips-linux-gnu/4.7.2/../../../../mips-linux-gnu/include]
    add: [/media/lhb/long/Ingenic/sdk/mips-gcc472-glibc216-64bit/bin/../mips-linux-gnu/libc/usr/include]
  end of search list found
  collapse include dir [/media/lhb/long/Ingenic/sdk/mips-gcc472-glibc216-64bit/bin/../lib/gcc/mips-linux-gnu/4.7.2/include] ==> [/media/lhb/long/Ingenic/sdk/mips-gcc472-glibc216-64bit/lib/gcc/mips-linux-gnu/4.7.2/include]
  collapse include dir [/media/lhb/long/Ingenic/sdk/mips-gcc472-glibc216-64bit/bin/../lib/gcc/mips-linux-gnu/4.7.2/include-fixed] ==> [/media/lhb/long/Ingenic/sdk/mips-gcc472-glibc216-64bit/lib/gcc/mips-linux-gnu/4.7.2/include-fixed]
  collapse include dir [/media/lhb/long/Ingenic/sdk/mips-gcc472-glibc216-64bit/bin/../lib/gcc/mips-linux-gnu/4.7.2/../../../../mips-linux-gnu/include] ==> [/media/lhb/long/Ingenic/sdk/mips-gcc472-glibc216-64bit/mips-linux-gnu/include]
  collapse include dir [/media/lhb/long/Ingenic/sdk/mips-gcc472-glibc216-64bit/bin/../mips-linux-gnu/libc/usr/include] ==> [/media/lhb/long/Ingenic/sdk/mips-gcc472-glibc216-64bit/mips-linux-gnu/libc/usr/include]
  implicit include dirs: [/media/lhb/long/Ingenic/sdk/mips-gcc472-glibc216-64bit/lib/gcc/mips-linux-gnu/4.7.2/include;/media/lhb/long/Ingenic/sdk/mips-gcc472-glibc216-64bit/lib/gcc/mips-linux-gnu/4.7.2/include-fixed;/media/lhb/long/Ingenic/sdk/mips-gcc472-glibc216-64bit/mips-linux-gnu/include;/media/lhb/long/Ingenic/sdk/mips-gcc472-glibc216-64bit/mips-linux-gnu/libc/usr/include]


Parsed C implicit link information from above output:
  link line regex: [^( *|.*[/\])(ld|CMAKE_LINK_STARTFILE-NOTFOUND|([^/\]+-)?ld|collect2)[^/\]*( |$)]
  ignore line: [Change Dir: /media/lhb/long/github/smallcv1/build2/CMakeFiles/CMakeTmp]
  ignore line: []
  ignore line: [Run Build Command(s):/usr/bin/make cmTC_0d1c1/fast && /usr/bin/make -f CMakeFiles/cmTC_0d1c1.dir/build.make CMakeFiles/cmTC_0d1c1.dir/build]
  ignore line: [make[1]: Entering directory '/media/lhb/long/github/smallcv1/build2/CMakeFiles/CMakeTmp']
  ignore line: [Building C object CMakeFiles/cmTC_0d1c1.dir/CMakeCCompilerABI.c.o]
  ignore line: [/media/lhb/long/Ingenic/sdk/mips-gcc472-glibc216-64bit/bin/mips-linux-gnu-gcc   -v -o CMakeFiles/cmTC_0d1c1.dir/CMakeCCompilerABI.c.o   -c /usr/local/share/cmake-3.15/Modules/CMakeCCompilerABI.c]
  ignore line: [Using built-in specs.]
  ignore line: [COLLECT_GCC=/media/lhb/long/Ingenic/sdk/mips-gcc472-glibc216-64bit/bin/mips-linux-gnu-gcc]
  ignore line: [Target: mips-linux-gnu]
  ignore line: [Configured with: /home/toolchains/r2.3.3/src/gcc-4.7-2012.09/configure --build=i686-pc-linux-gnu --host=i686-pc-linux-gnu --target=mips-linux-gnu --enable-threads --disable-libmudflap --disable-libssp --disable-libstdcxx-pch --with-arch-32=mips32r2 --with-float=hard --with-mips-plt --enable-extra-sgxxlite-multilibs --with-gnu-as --with-gnu-ld --with-specs='%{save-temps: -fverbose-asm} -D__CS_SOURCERYGXX_MAJ__=2012 -D__CS_SOURCERYGXX_MIN__=9 -D__CS_SOURCERYGXX_REV__=99' --enable-languages=c,c++,fortran --enable-shared --enable-lto --enable-symvers=gnu --enable-__cxa_atexit --with-pkgversion='Ingenic r2.3.3 2016.12' --disable-nls --prefix=/home/toolchains/r2.3.3/install --with-sysroot=/home/toolchains/r2.3.3/install/mips-linux-gnu/libc --with-build-sysroot=/home/toolchains/r2.3.3/install/mips-linux-gnu/libc --with-gmp=/home/toolchains/r2.3.3/obj/pkg-2012.09-99-mips-linux-gnu/mips-2012.09-99-mips-linux-gnu.extras/host-libs-i686-pc-linux-gnu/usr --with-mpfr=/home/toolchains/r2.3.3/obj/pkg-2012.09-99-mips-linux-gnu/mips-2012.09-99-mips-linux-gnu.extras/host-libs-i686-pc-linux-gnu/usr --with-mpc=/home/toolchains/r2.3.3/obj/pkg-2012.09-99-mips-linux-gnu/mips-2012.09-99-mips-linux-gnu.extras/host-libs-i686-pc-linux-gnu/usr --with-ppl=/home/toolchains/r2.3.3/obj/pkg-2012.09-99-mips-linux-gnu/mips-2012.09-99-mips-linux-gnu.extras/host-libs-i686-pc-linux-gnu/usr --with-host-libstdcxx='-static-libgcc -Wl,-Bstatic,-lstdc++,-Bdynamic -lm' --with-cloog=/home/toolchains/r2.3.3/obj/pkg-2012.09-99-mips-linux-gnu/mips-2012.09-99-mips-linux-gnu.extras/host-libs-i686-pc-linux-gnu/usr --with-libelf=/home/toolchains/r2.3.3/obj/pkg-2012.09-99-mips-linux-gnu/mips-2012.09-99-mips-linux-gnu.extras/host-libs-i686-pc-linux-gnu/usr --disable-libgomp --disable-libitm --enable-poison-system-directories --with-build-time-tools=/home/toolchains/r2.3.3/install/mips-linux-gnu/bin]
  ignore line: [Thread model: posix]
  ignore line: [gcc version 4.7.2 (Ingenic r2.3.3 2016.12) ]
  ignore line: [COLLECT_GCC_OPTIONS='-v' '-o' 'CMakeFiles/cmTC_0d1c1.dir/CMakeCCompilerABI.c.o' '-c' '-march=mips32r2' '-mhard-float' '-mllsc' '-mplt' '-mno-synci' '-mno-shared' '-EL' '-mabi=32' '-D' '__CS_SOURCERYGXX_MAJ__=2012' '-D' '__CS_SOURCERYGXX_MIN__=9' '-D' '__CS_SOURCERYGXX_REV__=99']
  ignore line: [ /media/lhb/long/Ingenic/sdk/mips-gcc472-glibc216-64bit/bin/../libexec/gcc/mips-linux-gnu/4.7.2/cc1 -quiet -v -iprefix /media/lhb/long/Ingenic/sdk/mips-gcc472-glibc216-64bit/bin/../lib/gcc/mips-linux-gnu/4.7.2/ -isysroot /media/lhb/long/Ingenic/sdk/mips-gcc472-glibc216-64bit/bin/../mips-linux-gnu/libc -D __CS_SOURCERYGXX_MAJ__=2012 -D __CS_SOURCERYGXX_MIN__=9 -D __CS_SOURCERYGXX_REV__=99 /usr/local/share/cmake-3.15/Modules/CMakeCCompilerABI.c -mel -quiet -dumpbase CMakeCCompilerABI.c -march=mips32r2 -mhard-float -mllsc -mplt -mno-synci -mno-shared -mabi=32 -auxbase-strip CMakeFiles/cmTC_0d1c1.dir/CMakeCCompilerABI.c.o -version -o /tmp/ccAJdrwj.s]
  ignore line: [GNU C (Ingenic r2.3.3 2016.12) version 4.7.2 (mips-linux-gnu)]
  ignore line: [	compiled by GNU C version 4.4.7 20120313 (Red Hat 4.4.7-3), GMP version 5.0.5, MPFR version 3.1.1-p2, MPC version 1.0.1]
  ignore line: [GGC heuristics: --param ggc-min-expand=100 --param ggc-min-heapsize=131072]
  ignore line: [ignoring duplicate directory "/media/lhb/long/Ingenic/sdk/mips-gcc472-glibc216-64bit/bin/../lib/gcc/../../lib/gcc/mips-linux-gnu/4.7.2/include"]
  ignore line: [ignoring nonexistent directory "/media/lhb/long/Ingenic/sdk/mips-gcc472-glibc216-64bit/bin/../mips-linux-gnu/libc/usr/local/include"]
  ignore line: [ignoring duplicate directory "/media/lhb/long/Ingenic/sdk/mips-gcc472-glibc216-64bit/bin/../lib/gcc/../../lib/gcc/mips-linux-gnu/4.7.2/include-fixed"]
  ignore line: [ignoring duplicate directory "/media/lhb/long/Ingenic/sdk/mips-gcc472-glibc216-64bit/bin/../lib/gcc/../../lib/gcc/mips-linux-gnu/4.7.2/../../../../mips-linux-gnu/include"]
  ignore line: [#include "..." search starts here:]
  ignore line: [#include <...> search starts here:]
  ignore line: [ /media/lhb/long/Ingenic/sdk/mips-gcc472-glibc216-64bit/bin/../lib/gcc/mips-linux-gnu/4.7.2/include]
  ignore line: [ /media/lhb/long/Ingenic/sdk/mips-gcc472-glibc216-64bit/bin/../lib/gcc/mips-linux-gnu/4.7.2/include-fixed]
  ignore line: [ /media/lhb/long/Ingenic/sdk/mips-gcc472-glibc216-64bit/bin/../lib/gcc/mips-linux-gnu/4.7.2/../../../../mips-linux-gnu/include]
  ignore line: [ /media/lhb/long/Ingenic/sdk/mips-gcc472-glibc216-64bit/bin/../mips-linux-gnu/libc/usr/include]
  ignore line: [End of search list.]
  ignore line: [GNU C (Ingenic r2.3.3 2016.12) version 4.7.2 (mips-linux-gnu)]
  ignore line: [	compiled by GNU C version 4.4.7 20120313 (Red Hat 4.4.7-3), GMP version 5.0.5, MPFR version 3.1.1-p2, MPC version 1.0.1]
  ignore line: [GGC heuristics: --param ggc-min-expand=100 --param ggc-min-heapsize=131072]
  ignore line: [Compiler executable checksum: 3ac6a4ce755d91c99e3d203d7a75b5d2]
  ignore line: [COLLECT_GCC_OPTIONS='-v' '-o' 'CMakeFiles/cmTC_0d1c1.dir/CMakeCCompilerABI.c.o' '-c' '-march=mips32r2' '-mhard-float' '-mllsc' '-mplt' '-mno-synci' '-mno-shared' '-EL' '-mabi=32' '-D' '__CS_SOURCERYGXX_MAJ__=2012' '-D' '__CS_SOURCERYGXX_MIN__=9' '-D' '__CS_SOURCERYGXX_REV__=99']
  ignore line: [ /media/lhb/long/Ingenic/sdk/mips-gcc472-glibc216-64bit/bin/../lib/gcc/mips-linux-gnu/4.7.2/../../../../mips-linux-gnu/bin/as -v -EL -O1 -no-mdebug -mabi=32 -march=mips32r2 -mno-shared -call_nonpic -o CMakeFiles/cmTC_0d1c1.dir/CMakeCCompilerABI.c.o /tmp/ccAJdrwj.s]
  ignore line: [GNU assembler version 2.24.51 (mips-linux-gnu) using BFD version (Ingenic r2.3.3 2016.12) 2.24.51.20140512]
  ignore line: [COMPILER_PATH=/media/lhb/long/Ingenic/sdk/mips-gcc472-glibc216-64bit/bin/../libexec/gcc/mips-linux-gnu/4.7.2/:/media/lhb/long/Ingenic/sdk/mips-gcc472-glibc216-64bit/bin/../libexec/gcc/:/media/lhb/long/Ingenic/sdk/mips-gcc472-glibc216-64bit/bin/../lib/gcc/mips-linux-gnu/4.7.2/../../../../mips-linux-gnu/bin/]
  ignore line: [LIBRARY_PATH=/media/lhb/long/Ingenic/sdk/mips-gcc472-glibc216-64bit/bin/../lib/gcc/mips-linux-gnu/4.7.2/:/media/lhb/long/Ingenic/sdk/mips-gcc472-glibc216-64bit/bin/../lib/gcc/:/media/lhb/long/Ingenic/sdk/mips-gcc472-glibc216-64bit/bin/../lib/gcc/mips-linux-gnu/4.7.2/../../../../mips-linux-gnu/lib/:/media/lhb/long/Ingenic/sdk/mips-gcc472-glibc216-64bit/bin/../mips-linux-gnu/libc/lib/:/media/lhb/long/Ingenic/sdk/mips-gcc472-glibc216-64bit/bin/../mips-linux-gnu/libc/usr/lib/]
  ignore line: [COLLECT_GCC_OPTIONS='-v' '-o' 'CMakeFiles/cmTC_0d1c1.dir/CMakeCCompilerABI.c.o' '-c' '-march=mips32r2' '-mhard-float' '-mllsc' '-mplt' '-mno-synci' '-mno-shared' '-EL' '-mabi=32' '-D' '__CS_SOURCERYGXX_MAJ__=2012' '-D' '__CS_SOURCERYGXX_MIN__=9' '-D' '__CS_SOURCERYGXX_REV__=99']
  ignore line: [Linking C executable cmTC_0d1c1]
  ignore line: [/usr/local/bin/cmake -E cmake_link_script CMakeFiles/cmTC_0d1c1.dir/link.txt --verbose=1]
  ignore line: [/media/lhb/long/Ingenic/sdk/mips-gcc472-glibc216-64bit/bin/mips-linux-gnu-gcc     -v CMakeFiles/cmTC_0d1c1.dir/CMakeCCompilerABI.c.o  -o cmTC_0d1c1 ]
  ignore line: [Using built-in specs.]
  ignore line: [COLLECT_GCC=/media/lhb/long/Ingenic/sdk/mips-gcc472-glibc216-64bit/bin/mips-linux-gnu-gcc]
  ignore line: [COLLECT_LTO_WRAPPER=/media/lhb/long/Ingenic/sdk/mips-gcc472-glibc216-64bit/bin/../libexec/gcc/mips-linux-gnu/4.7.2/lto-wrapper]
  ignore line: [Target: mips-linux-gnu]
  ignore line: [Configured with: /home/toolchains/r2.3.3/src/gcc-4.7-2012.09/configure --build=i686-pc-linux-gnu --host=i686-pc-linux-gnu --target=mips-linux-gnu --enable-threads --disable-libmudflap --disable-libssp --disable-libstdcxx-pch --with-arch-32=mips32r2 --with-float=hard --with-mips-plt --enable-extra-sgxxlite-multilibs --with-gnu-as --with-gnu-ld --with-specs='%{save-temps: -fverbose-asm} -D__CS_SOURCERYGXX_MAJ__=2012 -D__CS_SOURCERYGXX_MIN__=9 -D__CS_SOURCERYGXX_REV__=99' --enable-languages=c,c++,fortran --enable-shared --enable-lto --enable-symvers=gnu --enable-__cxa_atexit --with-pkgversion='Ingenic r2.3.3 2016.12' --disable-nls --prefix=/home/toolchains/r2.3.3/install --with-sysroot=/home/toolchains/r2.3.3/install/mips-linux-gnu/libc --with-build-sysroot=/home/toolchains/r2.3.3/install/mips-linux-gnu/libc --with-gmp=/home/toolchains/r2.3.3/obj/pkg-2012.09-99-mips-linux-gnu/mips-2012.09-99-mips-linux-gnu.extras/host-libs-i686-pc-linux-gnu/usr --with-mpfr=/home/toolchains/r2.3.3/obj/pkg-2012.09-99-mips-linux-gnu/mips-2012.09-99-mips-linux-gnu.extras/host-libs-i686-pc-linux-gnu/usr --with-mpc=/home/toolchains/r2.3.3/obj/pkg-2012.09-99-mips-linux-gnu/mips-2012.09-99-mips-linux-gnu.extras/host-libs-i686-pc-linux-gnu/usr --with-ppl=/home/toolchains/r2.3.3/obj/pkg-2012.09-99-mips-linux-gnu/mips-2012.09-99-mips-linux-gnu.extras/host-libs-i686-pc-linux-gnu/usr --with-host-libstdcxx='-static-libgcc -Wl,-Bstatic,-lstdc++,-Bdynamic -lm' --with-cloog=/home/toolchains/r2.3.3/obj/pkg-2012.09-99-mips-linux-gnu/mips-2012.09-99-mips-linux-gnu.extras/host-libs-i686-pc-linux-gnu/usr --with-libelf=/home/toolchains/r2.3.3/obj/pkg-2012.09-99-mips-linux-gnu/mips-2012.09-99-mips-linux-gnu.extras/host-libs-i686-pc-linux-gnu/usr --disable-libgomp --disable-libitm --enable-poison-system-directories --with-build-time-tools=/home/toolchains/r2.3.3/install/mips-linux-gnu/bin]
  ignore line: [Thread model: posix]
  ignore line: [gcc version 4.7.2 (Ingenic r2.3.3 2016.12) ]
  ignore line: [COMPILER_PATH=/media/lhb/long/Ingenic/sdk/mips-gcc472-glibc216-64bit/bin/../libexec/gcc/mips-linux-gnu/4.7.2/:/media/lhb/long/Ingenic/sdk/mips-gcc472-glibc216-64bit/bin/../libexec/gcc/:/media/lhb/long/Ingenic/sdk/mips-gcc472-glibc216-64bit/bin/../lib/gcc/mips-linux-gnu/4.7.2/../../../../mips-linux-gnu/bin/]
  ignore line: [LIBRARY_PATH=/media/lhb/long/Ingenic/sdk/mips-gcc472-glibc216-64bit/bin/../lib/gcc/mips-linux-gnu/4.7.2/:/media/lhb/long/Ingenic/sdk/mips-gcc472-glibc216-64bit/bin/../lib/gcc/:/media/lhb/long/Ingenic/sdk/mips-gcc472-glibc216-64bit/bin/../lib/gcc/mips-linux-gnu/4.7.2/../../../../mips-linux-gnu/lib/:/media/lhb/long/Ingenic/sdk/mips-gcc472-glibc216-64bit/bin/../mips-linux-gnu/libc/lib/:/media/lhb/long/Ingenic/sdk/mips-gcc472-glibc216-64bit/bin/../mips-linux-gnu/libc/usr/lib/]
  ignore line: [COLLECT_GCC_OPTIONS='-v' '-o' 'cmTC_0d1c1' '-march=mips32r2' '-mhard-float' '-mllsc' '-mplt' '-mno-synci' '-mno-shared' '-EL' '-mabi=32' '-D' '__CS_SOURCERYGXX_MAJ__=2012' '-D' '__CS_SOURCERYGXX_MIN__=9' '-D' '__CS_SOURCERYGXX_REV__=99']
  link line: [ /media/lhb/long/Ingenic/sdk/mips-gcc472-glibc216-64bit/bin/../libexec/gcc/mips-linux-gnu/4.7.2/collect2 --sysroot=/media/lhb/long/Ingenic/sdk/mips-gcc472-glibc216-64bit/bin/../mips-linux-gnu/libc --eh-frame-hdr -EL -EL -dynamic-linker /lib/ld.so.1 -melf32ltsmip -o cmTC_0d1c1 /media/lhb/long/Ingenic/sdk/mips-gcc472-glibc216-64bit/bin/../mips-linux-gnu/libc/usr/lib/crt1.o /media/lhb/long/Ingenic/sdk/mips-gcc472-glibc216-64bit/bin/../mips-linux-gnu/libc/usr/lib/crti.o /media/lhb/long/Ingenic/sdk/mips-gcc472-glibc216-64bit/bin/../lib/gcc/mips-linux-gnu/4.7.2/crtbegin.o -L/media/lhb/long/Ingenic/sdk/mips-gcc472-glibc216-64bit/bin/../lib/gcc/mips-linux-gnu/4.7.2 -L/media/lhb/long/Ingenic/sdk/mips-gcc472-glibc216-64bit/bin/../lib/gcc -L/media/lhb/long/Ingenic/sdk/mips-gcc472-glibc216-64bit/bin/../lib/gcc/mips-linux-gnu/4.7.2/../../../../mips-linux-gnu/lib -L/media/lhb/long/Ingenic/sdk/mips-gcc472-glibc216-64bit/bin/../mips-linux-gnu/libc/lib -L/media/lhb/long/Ingenic/sdk/mips-gcc472-glibc216-64bit/bin/../mips-linux-gnu/libc/usr/lib CMakeFiles/cmTC_0d1c1.dir/CMakeCCompilerABI.c.o -lgcc --as-needed -lgcc_s --no-as-needed -lc -lgcc --as-needed -lgcc_s --no-as-needed /media/lhb/long/Ingenic/sdk/mips-gcc472-glibc216-64bit/bin/../lib/gcc/mips-linux-gnu/4.7.2/crtend.o /media/lhb/long/Ingenic/sdk/mips-gcc472-glibc216-64bit/bin/../mips-linux-gnu/libc/usr/lib/crtn.o]
    arg [/media/lhb/long/Ingenic/sdk/mips-gcc472-glibc216-64bit/bin/../libexec/gcc/mips-linux-gnu/4.7.2/collect2] ==> ignore
    arg [--sysroot=/media/lhb/long/Ingenic/sdk/mips-gcc472-glibc216-64bit/bin/../mips-linux-gnu/libc] ==> ignore
    arg [--eh-frame-hdr] ==> ignore
    arg [-EL] ==> ignore
    arg [-EL] ==> ignore
    arg [-dynamic-linker] ==> ignore
    arg [/lib/ld.so.1] ==> ignore
    arg [-melf32ltsmip] ==> ignore
    arg [-o] ==> ignore
    arg [cmTC_0d1c1] ==> ignore
    arg [/media/lhb/long/Ingenic/sdk/mips-gcc472-glibc216-64bit/bin/../mips-linux-gnu/libc/usr/lib/crt1.o] ==> ignore
    arg [/media/lhb/long/Ingenic/sdk/mips-gcc472-glibc216-64bit/bin/../mips-linux-gnu/libc/usr/lib/crti.o] ==> ignore
    arg [/media/lhb/long/Ingenic/sdk/mips-gcc472-glibc216-64bit/bin/../lib/gcc/mips-linux-gnu/4.7.2/crtbegin.o] ==> ignore
    arg [-L/media/lhb/long/Ingenic/sdk/mips-gcc472-glibc216-64bit/bin/../lib/gcc/mips-linux-gnu/4.7.2] ==> dir [/media/lhb/long/Ingenic/sdk/mips-gcc472-glibc216-64bit/bin/../lib/gcc/mips-linux-gnu/4.7.2]
    arg [-L/media/lhb/long/Ingenic/sdk/mips-gcc472-glibc216-64bit/bin/../lib/gcc] ==> dir [/media/lhb/long/Ingenic/sdk/mips-gcc472-glibc216-64bit/bin/../lib/gcc]
    arg [-L/media/lhb/long/Ingenic/sdk/mips-gcc472-glibc216-64bit/bin/../lib/gcc/mips-linux-gnu/4.7.2/../../../../mips-linux-gnu/lib] ==> dir [/media/lhb/long/Ingenic/sdk/mips-gcc472-glibc216-64bit/bin/../lib/gcc/mips-linux-gnu/4.7.2/../../../../mips-linux-gnu/lib]
    arg [-L/media/lhb/long/Ingenic/sdk/mips-gcc472-glibc216-64bit/bin/../mips-linux-gnu/libc/lib] ==> dir [/media/lhb/long/Ingenic/sdk/mips-gcc472-glibc216-64bit/bin/../mips-linux-gnu/libc/lib]
    arg [-L/media/lhb/long/Ingenic/sdk/mips-gcc472-glibc216-64bit/bin/../mips-linux-gnu/libc/usr/lib] ==> dir [/media/lhb/long/Ingenic/sdk/mips-gcc472-glibc216-64bit/bin/../mips-linux-gnu/libc/usr/lib]
    arg [CMakeFiles/cmTC_0d1c1.dir/CMakeCCompilerABI.c.o] ==> ignore
    arg [-lgcc] ==> lib [gcc]
    arg [--as-needed] ==> ignore
    arg [-lgcc_s] ==> lib [gcc_s]
    arg [--no-as-needed] ==> ignore
    arg [-lc] ==> lib [c]
    arg [-lgcc] ==> lib [gcc]
    arg [--as-needed] ==> ignore
    arg [-lgcc_s] ==> lib [gcc_s]
    arg [--no-as-needed] ==> ignore
    arg [/media/lhb/long/Ingenic/sdk/mips-gcc472-glibc216-64bit/bin/../lib/gcc/mips-linux-gnu/4.7.2/crtend.o] ==> ignore
    arg [/media/lhb/long/Ingenic/sdk/mips-gcc472-glibc216-64bit/bin/../mips-linux-gnu/libc/usr/lib/crtn.o] ==> ignore
  collapse library dir [/media/lhb/long/Ingenic/sdk/mips-gcc472-glibc216-64bit/bin/../lib/gcc/mips-linux-gnu/4.7.2] ==> [/media/lhb/long/Ingenic/sdk/mips-gcc472-glibc216-64bit/lib/gcc/mips-linux-gnu/4.7.2]
  collapse library dir [/media/lhb/long/Ingenic/sdk/mips-gcc472-glibc216-64bit/bin/../lib/gcc] ==> [/media/lhb/long/Ingenic/sdk/mips-gcc472-glibc216-64bit/lib/gcc]
  collapse library dir [/media/lhb/long/Ingenic/sdk/mips-gcc472-glibc216-64bit/bin/../lib/gcc/mips-linux-gnu/4.7.2/../../../../mips-linux-gnu/lib] ==> [/media/lhb/long/Ingenic/sdk/mips-gcc472-glibc216-64bit/mips-linux-gnu/lib]
  collapse library dir [/media/lhb/long/Ingenic/sdk/mips-gcc472-glibc216-64bit/bin/../mips-linux-gnu/libc/lib] ==> [/media/lhb/long/Ingenic/sdk/mips-gcc472-glibc216-64bit/mips-linux-gnu/libc/lib]
  collapse library dir [/media/lhb/long/Ingenic/sdk/mips-gcc472-glibc216-64bit/bin/../mips-linux-gnu/libc/usr/lib] ==> [/media/lhb/long/Ingenic/sdk/mips-gcc472-glibc216-64bit/mips-linux-gnu/libc/usr/lib]
  implicit libs: [gcc;gcc_s;c;gcc;gcc_s]
  implicit dirs: [/media/lhb/long/Ingenic/sdk/mips-gcc472-glibc216-64bit/lib/gcc/mips-linux-gnu/4.7.2;/media/lhb/long/Ingenic/sdk/mips-gcc472-glibc216-64bit/lib/gcc;/media/lhb/long/Ingenic/sdk/mips-gcc472-glibc216-64bit/mips-linux-gnu/lib;/media/lhb/long/Ingenic/sdk/mips-gcc472-glibc216-64bit/mips-linux-gnu/libc/lib;/media/lhb/long/Ingenic/sdk/mips-gcc472-glibc216-64bit/mips-linux-gnu/libc/usr/lib]
  implicit fwks: []


Determining if the CXX compiler works passed with the following output:
Change Dir: /media/lhb/long/github/smallcv1/build2/CMakeFiles/CMakeTmp

Run Build Command(s):/usr/bin/make cmTC_dfa80/fast && /usr/bin/make -f CMakeFiles/cmTC_dfa80.dir/build.make CMakeFiles/cmTC_dfa80.dir/build
make[1]: Entering directory '/media/lhb/long/github/smallcv1/build2/CMakeFiles/CMakeTmp'
Building CXX object CMakeFiles/cmTC_dfa80.dir/testCXXCompiler.cxx.o
/media/lhb/long/Ingenic/sdk/mips-gcc472-glibc216-64bit/bin/mips-linux-gnu-g++     -o CMakeFiles/cmTC_dfa80.dir/testCXXCompiler.cxx.o -c /media/lhb/long/github/smallcv1/build2/CMakeFiles/CMakeTmp/testCXXCompiler.cxx
Linking CXX executable cmTC_dfa80
/usr/local/bin/cmake -E cmake_link_script CMakeFiles/cmTC_dfa80.dir/link.txt --verbose=1
/media/lhb/long/Ingenic/sdk/mips-gcc472-glibc216-64bit/bin/mips-linux-gnu-g++       CMakeFiles/cmTC_dfa80.dir/testCXXCompiler.cxx.o  -o cmTC_dfa80 
make[1]: Leaving directory '/media/lhb/long/github/smallcv1/build2/CMakeFiles/CMakeTmp'



Detecting CXX compiler ABI info compiled with the following output:
Change Dir: /media/lhb/long/github/smallcv1/build2/CMakeFiles/CMakeTmp

Run Build Command(s):/usr/bin/make cmTC_7a37f/fast && /usr/bin/make -f CMakeFiles/cmTC_7a37f.dir/build.make CMakeFiles/cmTC_7a37f.dir/build
make[1]: Entering directory '/media/lhb/long/github/smallcv1/build2/CMakeFiles/CMakeTmp'
Building CXX object CMakeFiles/cmTC_7a37f.dir/CMakeCXXCompilerABI.cpp.o
/media/lhb/long/Ingenic/sdk/mips-gcc472-glibc216-64bit/bin/mips-linux-gnu-g++    -v -o CMakeFiles/cmTC_7a37f.dir/CMakeCXXCompilerABI.cpp.o -c /usr/local/share/cmake-3.15/Modules/CMakeCXXCompilerABI.cpp
Using built-in specs.
COLLECT_GCC=/media/lhb/long/Ingenic/sdk/mips-gcc472-glibc216-64bit/bin/mips-linux-gnu-g++
Target: mips-linux-gnu
Configured with: /home/toolchains/r2.3.3/src/gcc-4.7-2012.09/configure --build=i686-pc-linux-gnu --host=i686-pc-linux-gnu --target=mips-linux-gnu --enable-threads --disable-libmudflap --disable-libssp --disable-libstdcxx-pch --with-arch-32=mips32r2 --with-float=hard --with-mips-plt --enable-extra-sgxxlite-multilibs --with-gnu-as --with-gnu-ld --with-specs='%{save-temps: -fverbose-asm} -D__CS_SOURCERYGXX_MAJ__=2012 -D__CS_SOURCERYGXX_MIN__=9 -D__CS_SOURCERYGXX_REV__=99' --enable-languages=c,c++,fortran --enable-shared --enable-lto --enable-symvers=gnu --enable-__cxa_atexit --with-pkgversion='Ingenic r2.3.3 2016.12' --disable-nls --prefix=/home/toolchains/r2.3.3/install --with-sysroot=/home/toolchains/r2.3.3/install/mips-linux-gnu/libc --with-build-sysroot=/home/toolchains/r2.3.3/install/mips-linux-gnu/libc --with-gmp=/home/toolchains/r2.3.3/obj/pkg-2012.09-99-mips-linux-gnu/mips-2012.09-99-mips-linux-gnu.extras/host-libs-i686-pc-linux-gnu/usr --with-mpfr=/home/toolchains/r2.3.3/obj/pkg-2012.09-99-mips-linux-gnu/mips-2012.09-99-mips-linux-gnu.extras/host-libs-i686-pc-linux-gnu/usr --with-mpc=/home/toolchains/r2.3.3/obj/pkg-2012.09-99-mips-linux-gnu/mips-2012.09-99-mips-linux-gnu.extras/host-libs-i686-pc-linux-gnu/usr --with-ppl=/home/toolchains/r2.3.3/obj/pkg-2012.09-99-mips-linux-gnu/mips-2012.09-99-mips-linux-gnu.extras/host-libs-i686-pc-linux-gnu/usr --with-host-libstdcxx='-static-libgcc -Wl,-Bstatic,-lstdc++,-Bdynamic -lm' --with-cloog=/home/toolchains/r2.3.3/obj/pkg-2012.09-99-mips-linux-gnu/mips-2012.09-99-mips-linux-gnu.extras/host-libs-i686-pc-linux-gnu/usr --with-libelf=/home/toolchains/r2.3.3/obj/pkg-2012.09-99-mips-linux-gnu/mips-2012.09-99-mips-linux-gnu.extras/host-libs-i686-pc-linux-gnu/usr --disable-libgomp --disable-libitm --enable-poison-system-directories --with-build-time-tools=/home/toolchains/r2.3.3/install/mips-linux-gnu/bin
Thread model: posix
gcc version 4.7.2 (Ingenic r2.3.3 2016.12) 
COLLECT_GCC_OPTIONS='-v' '-o' 'CMakeFiles/cmTC_7a37f.dir/CMakeCXXCompilerABI.cpp.o' '-c' '-shared-libgcc' '-march=mips32r2' '-mhard-float' '-mllsc' '-mplt' '-mno-synci' '-mno-shared' '-EL' '-mabi=32' '-D' '__CS_SOURCERYGXX_MAJ__=2012' '-D' '__CS_SOURCERYGXX_MIN__=9' '-D' '__CS_SOURCERYGXX_REV__=99'
 /media/lhb/long/Ingenic/sdk/mips-gcc472-glibc216-64bit/bin/../libexec/gcc/mips-linux-gnu/4.7.2/cc1plus -quiet -v -iprefix /media/lhb/long/Ingenic/sdk/mips-gcc472-glibc216-64bit/bin/../lib/gcc/mips-linux-gnu/4.7.2/ -isysroot /media/lhb/long/Ingenic/sdk/mips-gcc472-glibc216-64bit/bin/../mips-linux-gnu/libc -D_GNU_SOURCE -D __CS_SOURCERYGXX_MAJ__=2012 -D __CS_SOURCERYGXX_MIN__=9 -D __CS_SOURCERYGXX_REV__=99 /usr/local/share/cmake-3.15/Modules/CMakeCXXCompilerABI.cpp -mel -quiet -dumpbase CMakeCXXCompilerABI.cpp -march=mips32r2 -mhard-float -mllsc -mplt -mno-synci -mno-shared -mabi=32 -auxbase-strip CMakeFiles/cmTC_7a37f.dir/CMakeCXXCompilerABI.cpp.o -version -o /tmp/ccIMv60x.s
GNU C++ (Ingenic r2.3.3 2016.12) version 4.7.2 (mips-linux-gnu)
	compiled by GNU C version 4.4.7 20120313 (Red Hat 4.4.7-3), GMP version 5.0.5, MPFR version 3.1.1-p2, MPC version 1.0.1
GGC heuristics: --param ggc-min-expand=100 --param ggc-min-heapsize=131072
ignoring duplicate directory "/media/lhb/long/Ingenic/sdk/mips-gcc472-glibc216-64bit/bin/../lib/gcc/../../lib/gcc/mips-linux-gnu/4.7.2/../../../../mips-linux-gnu/include/c++/4.7.2"
ignoring duplicate directory "/media/lhb/long/Ingenic/sdk/mips-gcc472-glibc216-64bit/bin/../lib/gcc/../../lib/gcc/mips-linux-gnu/4.7.2/../../../../mips-linux-gnu/include/c++/4.7.2/mips-linux-gnu"
ignoring duplicate directory "/media/lhb/long/Ingenic/sdk/mips-gcc472-glibc216-64bit/bin/../lib/gcc/../../lib/gcc/mips-linux-gnu/4.7.2/../../../../mips-linux-gnu/include/c++/4.7.2/backward"
ignoring duplicate directory "/media/lhb/long/Ingenic/sdk/mips-gcc472-glibc216-64bit/bin/../lib/gcc/../../lib/gcc/mips-linux-gnu/4.7.2/include"
ignoring nonexistent directory "/media/lhb/long/Ingenic/sdk/mips-gcc472-glibc216-64bit/bin/../mips-linux-gnu/libc/usr/local/include"
ignoring duplicate directory "/media/lhb/long/Ingenic/sdk/mips-gcc472-glibc216-64bit/bin/../lib/gcc/../../lib/gcc/mips-linux-gnu/4.7.2/include-fixed"
ignoring duplicate directory "/media/lhb/long/Ingenic/sdk/mips-gcc472-glibc216-64bit/bin/../lib/gcc/../../lib/gcc/mips-linux-gnu/4.7.2/../../../../mips-linux-gnu/include"
#include "..." search starts here:
#include <...> search starts here:
 /media/lhb/long/Ingenic/sdk/mips-gcc472-glibc216-64bit/bin/../lib/gcc/mips-linux-gnu/4.7.2/../../../../mips-linux-gnu/include/c++/4.7.2
 /media/lhb/long/Ingenic/sdk/mips-gcc472-glibc216-64bit/bin/../lib/gcc/mips-linux-gnu/4.7.2/../../../../mips-linux-gnu/include/c++/4.7.2/mips-linux-gnu
 /media/lhb/long/Ingenic/sdk/mips-gcc472-glibc216-64bit/bin/../lib/gcc/mips-linux-gnu/4.7.2/../../../../mips-linux-gnu/include/c++/4.7.2/backward
 /media/lhb/long/Ingenic/sdk/mips-gcc472-glibc216-64bit/bin/../lib/gcc/mips-linux-gnu/4.7.2/include
 /media/lhb/long/Ingenic/sdk/mips-gcc472-glibc216-64bit/bin/../lib/gcc/mips-linux-gnu/4.7.2/include-fixed
 /media/lhb/long/Ingenic/sdk/mips-gcc472-glibc216-64bit/bin/../lib/gcc/mips-linux-gnu/4.7.2/../../../../mips-linux-gnu/include
 /media/lhb/long/Ingenic/sdk/mips-gcc472-glibc216-64bit/bin/../mips-linux-gnu/libc/usr/include
End of search list.
GNU C++ (Ingenic r2.3.3 2016.12) version 4.7.2 (mips-linux-gnu)
	compiled by GNU C version 4.4.7 20120313 (Red Hat 4.4.7-3), GMP version 5.0.5, MPFR version 3.1.1-p2, MPC version 1.0.1
GGC heuristics: --param ggc-min-expand=100 --param ggc-min-heapsize=131072
Compiler executable checksum: c8981f1b1f13ea647845a0603c07948e
COLLECT_GCC_OPTIONS='-v' '-o' 'CMakeFiles/cmTC_7a37f.dir/CMakeCXXCompilerABI.cpp.o' '-c' '-shared-libgcc' '-march=mips32r2' '-mhard-float' '-mllsc' '-mplt' '-mno-synci' '-mno-shared' '-EL' '-mabi=32' '-D' '__CS_SOURCERYGXX_MAJ__=2012' '-D' '__CS_SOURCERYGXX_MIN__=9' '-D' '__CS_SOURCERYGXX_REV__=99'
 /media/lhb/long/Ingenic/sdk/mips-gcc472-glibc216-64bit/bin/../lib/gcc/mips-linux-gnu/4.7.2/../../../../mips-linux-gnu/bin/as -v -EL -O1 -no-mdebug -mabi=32 -march=mips32r2 -mno-shared -call_nonpic -o CMakeFiles/cmTC_7a37f.dir/CMakeCXXCompilerABI.cpp.o /tmp/ccIMv60x.s
GNU assembler version 2.24.51 (mips-linux-gnu) using BFD version (Ingenic r2.3.3 2016.12) 2.24.51.20140512
COMPILER_PATH=/media/lhb/long/Ingenic/sdk/mips-gcc472-glibc216-64bit/bin/../libexec/gcc/mips-linux-gnu/4.7.2/:/media/lhb/long/Ingenic/sdk/mips-gcc472-glibc216-64bit/bin/../libexec/gcc/:/media/lhb/long/Ingenic/sdk/mips-gcc472-glibc216-64bit/bin/../lib/gcc/mips-linux-gnu/4.7.2/../../../../mips-linux-gnu/bin/
LIBRARY_PATH=/media/lhb/long/Ingenic/sdk/mips-gcc472-glibc216-64bit/bin/../lib/gcc/mips-linux-gnu/4.7.2/:/media/lhb/long/Ingenic/sdk/mips-gcc472-glibc216-64bit/bin/../lib/gcc/:/media/lhb/long/Ingenic/sdk/mips-gcc472-glibc216-64bit/bin/../lib/gcc/mips-linux-gnu/4.7.2/../../../../mips-linux-gnu/lib/:/media/lhb/long/Ingenic/sdk/mips-gcc472-glibc216-64bit/bin/../mips-linux-gnu/libc/lib/:/media/lhb/long/Ingenic/sdk/mips-gcc472-glibc216-64bit/bin/../mips-linux-gnu/libc/usr/lib/
COLLECT_GCC_OPTIONS='-v' '-o' 'CMakeFiles/cmTC_7a37f.dir/CMakeCXXCompilerABI.cpp.o' '-c' '-shared-libgcc' '-march=mips32r2' '-mhard-float' '-mllsc' '-mplt' '-mno-synci' '-mno-shared' '-EL' '-mabi=32' '-D' '__CS_SOURCERYGXX_MAJ__=2012' '-D' '__CS_SOURCERYGXX_MIN__=9' '-D' '__CS_SOURCERYGXX_REV__=99'
Linking CXX executable cmTC_7a37f
/usr/local/bin/cmake -E cmake_link_script CMakeFiles/cmTC_7a37f.dir/link.txt --verbose=1
/media/lhb/long/Ingenic/sdk/mips-gcc472-glibc216-64bit/bin/mips-linux-gnu-g++      -v CMakeFiles/cmTC_7a37f.dir/CMakeCXXCompilerABI.cpp.o  -o cmTC_7a37f 
Using built-in specs.
COLLECT_GCC=/media/lhb/long/Ingenic/sdk/mips-gcc472-glibc216-64bit/bin/mips-linux-gnu-g++
COLLECT_LTO_WRAPPER=/media/lhb/long/Ingenic/sdk/mips-gcc472-glibc216-64bit/bin/../libexec/gcc/mips-linux-gnu/4.7.2/lto-wrapper
Target: mips-linux-gnu
Configured with: /home/toolchains/r2.3.3/src/gcc-4.7-2012.09/configure --build=i686-pc-linux-gnu --host=i686-pc-linux-gnu --target=mips-linux-gnu --enable-threads --disable-libmudflap --disable-libssp --disable-libstdcxx-pch --with-arch-32=mips32r2 --with-float=hard --with-mips-plt --enable-extra-sgxxlite-multilibs --with-gnu-as --with-gnu-ld --with-specs='%{save-temps: -fverbose-asm} -D__CS_SOURCERYGXX_MAJ__=2012 -D__CS_SOURCERYGXX_MIN__=9 -D__CS_SOURCERYGXX_REV__=99' --enable-languages=c,c++,fortran --enable-shared --enable-lto --enable-symvers=gnu --enable-__cxa_atexit --with-pkgversion='Ingenic r2.3.3 2016.12' --disable-nls --prefix=/home/toolchains/r2.3.3/install --with-sysroot=/home/toolchains/r2.3.3/install/mips-linux-gnu/libc --with-build-sysroot=/home/toolchains/r2.3.3/install/mips-linux-gnu/libc --with-gmp=/home/toolchains/r2.3.3/obj/pkg-2012.09-99-mips-linux-gnu/mips-2012.09-99-mips-linux-gnu.extras/host-libs-i686-pc-linux-gnu/usr --with-mpfr=/home/toolchains/r2.3.3/obj/pkg-2012.09-99-mips-linux-gnu/mips-2012.09-99-mips-linux-gnu.extras/host-libs-i686-pc-linux-gnu/usr --with-mpc=/home/toolchains/r2.3.3/obj/pkg-2012.09-99-mips-linux-gnu/mips-2012.09-99-mips-linux-gnu.extras/host-libs-i686-pc-linux-gnu/usr --with-ppl=/home/toolchains/r2.3.3/obj/pkg-2012.09-99-mips-linux-gnu/mips-2012.09-99-mips-linux-gnu.extras/host-libs-i686-pc-linux-gnu/usr --with-host-libstdcxx='-static-libgcc -Wl,-Bstatic,-lstdc++,-Bdynamic -lm' --with-cloog=/home/toolchains/r2.3.3/obj/pkg-2012.09-99-mips-linux-gnu/mips-2012.09-99-mips-linux-gnu.extras/host-libs-i686-pc-linux-gnu/usr --with-libelf=/home/toolchains/r2.3.3/obj/pkg-2012.09-99-mips-linux-gnu/mips-2012.09-99-mips-linux-gnu.extras/host-libs-i686-pc-linux-gnu/usr --disable-libgomp --disable-libitm --enable-poison-system-directories --with-build-time-tools=/home/toolchains/r2.3.3/install/mips-linux-gnu/bin
Thread model: posix
gcc version 4.7.2 (Ingenic r2.3.3 2016.12) 
COMPILER_PATH=/media/lhb/long/Ingenic/sdk/mips-gcc472-glibc216-64bit/bin/../libexec/gcc/mips-linux-gnu/4.7.2/:/media/lhb/long/Ingenic/sdk/mips-gcc472-glibc216-64bit/bin/../libexec/gcc/:/media/lhb/long/Ingenic/sdk/mips-gcc472-glibc216-64bit/bin/../lib/gcc/mips-linux-gnu/4.7.2/../../../../mips-linux-gnu/bin/
LIBRARY_PATH=/media/lhb/long/Ingenic/sdk/mips-gcc472-glibc216-64bit/bin/../lib/gcc/mips-linux-gnu/4.7.2/:/media/lhb/long/Ingenic/sdk/mips-gcc472-glibc216-64bit/bin/../lib/gcc/:/media/lhb/long/Ingenic/sdk/mips-gcc472-glibc216-64bit/bin/../lib/gcc/mips-linux-gnu/4.7.2/../../../../mips-linux-gnu/lib/:/media/lhb/long/Ingenic/sdk/mips-gcc472-glibc216-64bit/bin/../mips-linux-gnu/libc/lib/:/media/lhb/long/Ingenic/sdk/mips-gcc472-glibc216-64bit/bin/../mips-linux-gnu/libc/usr/lib/
COLLECT_GCC_OPTIONS='-v' '-o' 'cmTC_7a37f' '-shared-libgcc' '-march=mips32r2' '-mhard-float' '-mllsc' '-mplt' '-mno-synci' '-mno-shared' '-EL' '-mabi=32' '-D' '__CS_SOURCERYGXX_MAJ__=2012' '-D' '__CS_SOURCERYGXX_MIN__=9' '-D' '__CS_SOURCERYGXX_REV__=99'
 /media/lhb/long/Ingenic/sdk/mips-gcc472-glibc216-64bit/bin/../libexec/gcc/mips-linux-gnu/4.7.2/collect2 --sysroot=/media/lhb/long/Ingenic/sdk/mips-gcc472-glibc216-64bit/bin/../mips-linux-gnu/libc --eh-frame-hdr -EL -EL -dynamic-linker /lib/ld.so.1 -melf32ltsmip -o cmTC_7a37f /media/lhb/long/Ingenic/sdk/mips-gcc472-glibc216-64bit/bin/../mips-linux-gnu/libc/usr/lib/crt1.o /media/lhb/long/Ingenic/sdk/mips-gcc472-glibc216-64bit/bin/../mips-linux-gnu/libc/usr/lib/crti.o /media/lhb/long/Ingenic/sdk/mips-gcc472-glibc216-64bit/bin/../lib/gcc/mips-linux-gnu/4.7.2/crtbegin.o -L/media/lhb/long/Ingenic/sdk/mips-gcc472-glibc216-64bit/bin/../lib/gcc/mips-linux-gnu/4.7.2 -L/media/lhb/long/Ingenic/sdk/mips-gcc472-glibc216-64bit/bin/../lib/gcc -L/media/lhb/long/Ingenic/sdk/mips-gcc472-glibc216-64bit/bin/../lib/gcc/mips-linux-gnu/4.7.2/../../../../mips-linux-gnu/lib -L/media/lhb/long/Ingenic/sdk/mips-gcc472-glibc216-64bit/bin/../mips-linux-gnu/libc/lib -L/media/lhb/long/Ingenic/sdk/mips-gcc472-glibc216-64bit/bin/../mips-linux-gnu/libc/usr/lib CMakeFiles/cmTC_7a37f.dir/CMakeCXXCompilerABI.cpp.o -lstdc++ -lm -lgcc_s -lgcc -lc -lgcc_s -lgcc /media/lhb/long/Ingenic/sdk/mips-gcc472-glibc216-64bit/bin/../lib/gcc/mips-linux-gnu/4.7.2/crtend.o /media/lhb/long/Ingenic/sdk/mips-gcc472-glibc216-64bit/bin/../mips-linux-gnu/libc/usr/lib/crtn.o
make[1]: Leaving directory '/media/lhb/long/github/smallcv1/build2/CMakeFiles/CMakeTmp'



Parsed CXX implicit include dir info from above output: rv=done
  found start of include info
  found start of implicit include info
    add: [/media/lhb/long/Ingenic/sdk/mips-gcc472-glibc216-64bit/bin/../lib/gcc/mips-linux-gnu/4.7.2/../../../../mips-linux-gnu/include/c++/4.7.2]
    add: [/media/lhb/long/Ingenic/sdk/mips-gcc472-glibc216-64bit/bin/../lib/gcc/mips-linux-gnu/4.7.2/../../../../mips-linux-gnu/include/c++/4.7.2/mips-linux-gnu]
    add: [/media/lhb/long/Ingenic/sdk/mips-gcc472-glibc216-64bit/bin/../lib/gcc/mips-linux-gnu/4.7.2/../../../../mips-linux-gnu/include/c++/4.7.2/backward]
    add: [/media/lhb/long/Ingenic/sdk/mips-gcc472-glibc216-64bit/bin/../lib/gcc/mips-linux-gnu/4.7.2/include]
    add: [/media/lhb/long/Ingenic/sdk/mips-gcc472-glibc216-64bit/bin/../lib/gcc/mips-linux-gnu/4.7.2/include-fixed]
    add: [/media/lhb/long/Ingenic/sdk/mips-gcc472-glibc216-64bit/bin/../lib/gcc/mips-linux-gnu/4.7.2/../../../../mips-linux-gnu/include]
    add: [/media/lhb/long/Ingenic/sdk/mips-gcc472-glibc216-64bit/bin/../mips-linux-gnu/libc/usr/include]
  end of search list found
  collapse include dir [/media/lhb/long/Ingenic/sdk/mips-gcc472-glibc216-64bit/bin/../lib/gcc/mips-linux-gnu/4.7.2/../../../../mips-linux-gnu/include/c++/4.7.2] ==> [/media/lhb/long/Ingenic/sdk/mips-gcc472-glibc216-64bit/mips-linux-gnu/include/c++/4.7.2]
  collapse include dir [/media/lhb/long/Ingenic/sdk/mips-gcc472-glibc216-64bit/bin/../lib/gcc/mips-linux-gnu/4.7.2/../../../../mips-linux-gnu/include/c++/4.7.2/mips-linux-gnu] ==> [/media/lhb/long/Ingenic/sdk/mips-gcc472-glibc216-64bit/mips-linux-gnu/include/c++/4.7.2/mips-linux-gnu]
  collapse include dir [/media/lhb/long/Ingenic/sdk/mips-gcc472-glibc216-64bit/bin/../lib/gcc/mips-linux-gnu/4.7.2/../../../../mips-linux-gnu/include/c++/4.7.2/backward] ==> [/media/lhb/long/Ingenic/sdk/mips-gcc472-glibc216-64bit/mips-linux-gnu/include/c++/4.7.2/backward]
  collapse include dir [/media/lhb/long/Ingenic/sdk/mips-gcc472-glibc216-64bit/bin/../lib/gcc/mips-linux-gnu/4.7.2/include] ==> [/media/lhb/long/Ingenic/sdk/mips-gcc472-glibc216-64bit/lib/gcc/mips-linux-gnu/4.7.2/include]
  collapse include dir [/media/lhb/long/Ingenic/sdk/mips-gcc472-glibc216-64bit/bin/../lib/gcc/mips-linux-gnu/4.7.2/include-fixed] ==> [/media/lhb/long/Ingenic/sdk/mips-gcc472-glibc216-64bit/lib/gcc/mips-linux-gnu/4.7.2/include-fixed]
  collapse include dir [/media/lhb/long/Ingenic/sdk/mips-gcc472-glibc216-64bit/bin/../lib/gcc/mips-linux-gnu/4.7.2/../../../../mips-linux-gnu/include] ==> [/media/lhb/long/Ingenic/sdk/mips-gcc472-glibc216-64bit/mips-linux-gnu/include]
  collapse include dir [/media/lhb/long/Ingenic/sdk/mips-gcc472-glibc216-64bit/bin/../mips-linux-gnu/libc/usr/include] ==> [/media/lhb/long/Ingenic/sdk/mips-gcc472-glibc216-64bit/mips-linux-gnu/libc/usr/include]
  implicit include dirs: [/media/lhb/long/Ingenic/sdk/mips-gcc472-glibc216-64bit/mips-linux-gnu/include/c++/4.7.2;/media/lhb/long/Ingenic/sdk/mips-gcc472-glibc216-64bit/mips-linux-gnu/include/c++/4.7.2/mips-linux-gnu;/media/lhb/long/Ingenic/sdk/mips-gcc472-glibc216-64bit/mips-linux-gnu/include/c++/4.7.2/backward;/media/lhb/long/Ingenic/sdk/mips-gcc472-glibc216-64bit/lib/gcc/mips-linux-gnu/4.7.2/include;/media/lhb/long/Ingenic/sdk/mips-gcc472-glibc216-64bit/lib/gcc/mips-linux-gnu/4.7.2/include-fixed;/media/lhb/long/Ingenic/sdk/mips-gcc472-glibc216-64bit/mips-linux-gnu/include;/media/lhb/long/Ingenic/sdk/mips-gcc472-glibc216-64bit/mips-linux-gnu/libc/usr/include]


Parsed CXX implicit link information from above output:
  link line regex: [^( *|.*[/\])(ld|CMAKE_LINK_STARTFILE-NOTFOUND|([^/\]+-)?ld|collect2)[^/\]*( |$)]
  ignore line: [Change Dir: /media/lhb/long/github/smallcv1/build2/CMakeFiles/CMakeTmp]
  ignore line: []
  ignore line: [Run Build Command(s):/usr/bin/make cmTC_7a37f/fast && /usr/bin/make -f CMakeFiles/cmTC_7a37f.dir/build.make CMakeFiles/cmTC_7a37f.dir/build]
  ignore line: [make[1]: Entering directory '/media/lhb/long/github/smallcv1/build2/CMakeFiles/CMakeTmp']
  ignore line: [Building CXX object CMakeFiles/cmTC_7a37f.dir/CMakeCXXCompilerABI.cpp.o]
  ignore line: [/media/lhb/long/Ingenic/sdk/mips-gcc472-glibc216-64bit/bin/mips-linux-gnu-g++    -v -o CMakeFiles/cmTC_7a37f.dir/CMakeCXXCompilerABI.cpp.o -c /usr/local/share/cmake-3.15/Modules/CMakeCXXCompilerABI.cpp]
  ignore line: [Using built-in specs.]
  ignore line: [COLLECT_GCC=/media/lhb/long/Ingenic/sdk/mips-gcc472-glibc216-64bit/bin/mips-linux-gnu-g++]
  ignore line: [Target: mips-linux-gnu]
  ignore line: [Configured with: /home/toolchains/r2.3.3/src/gcc-4.7-2012.09/configure --build=i686-pc-linux-gnu --host=i686-pc-linux-gnu --target=mips-linux-gnu --enable-threads --disable-libmudflap --disable-libssp --disable-libstdcxx-pch --with-arch-32=mips32r2 --with-float=hard --with-mips-plt --enable-extra-sgxxlite-multilibs --with-gnu-as --with-gnu-ld --with-specs='%{save-temps: -fverbose-asm} -D__CS_SOURCERYGXX_MAJ__=2012 -D__CS_SOURCERYGXX_MIN__=9 -D__CS_SOURCERYGXX_REV__=99' --enable-languages=c,c++,fortran --enable-shared --enable-lto --enable-symvers=gnu --enable-__cxa_atexit --with-pkgversion='Ingenic r2.3.3 2016.12' --disable-nls --prefix=/home/toolchains/r2.3.3/install --with-sysroot=/home/toolchains/r2.3.3/install/mips-linux-gnu/libc --with-build-sysroot=/home/toolchains/r2.3.3/install/mips-linux-gnu/libc --with-gmp=/home/toolchains/r2.3.3/obj/pkg-2012.09-99-mips-linux-gnu/mips-2012.09-99-mips-linux-gnu.extras/host-libs-i686-pc-linux-gnu/usr --with-mpfr=/home/toolchains/r2.3.3/obj/pkg-2012.09-99-mips-linux-gnu/mips-2012.09-99-mips-linux-gnu.extras/host-libs-i686-pc-linux-gnu/usr --with-mpc=/home/toolchains/r2.3.3/obj/pkg-2012.09-99-mips-linux-gnu/mips-2012.09-99-mips-linux-gnu.extras/host-libs-i686-pc-linux-gnu/usr --with-ppl=/home/toolchains/r2.3.3/obj/pkg-2012.09-99-mips-linux-gnu/mips-2012.09-99-mips-linux-gnu.extras/host-libs-i686-pc-linux-gnu/usr --with-host-libstdcxx='-static-libgcc -Wl,-Bstatic,-lstdc++,-Bdynamic -lm' --with-cloog=/home/toolchains/r2.3.3/obj/pkg-2012.09-99-mips-linux-gnu/mips-2012.09-99-mips-linux-gnu.extras/host-libs-i686-pc-linux-gnu/usr --with-libelf=/home/toolchains/r2.3.3/obj/pkg-2012.09-99-mips-linux-gnu/mips-2012.09-99-mips-linux-gnu.extras/host-libs-i686-pc-linux-gnu/usr --disable-libgomp --disable-libitm --enable-poison-system-directories --with-build-time-tools=/home/toolchains/r2.3.3/install/mips-linux-gnu/bin]
  ignore line: [Thread model: posix]
  ignore line: [gcc version 4.7.2 (Ingenic r2.3.3 2016.12) ]
  ignore line: [COLLECT_GCC_OPTIONS='-v' '-o' 'CMakeFiles/cmTC_7a37f.dir/CMakeCXXCompilerABI.cpp.o' '-c' '-shared-libgcc' '-march=mips32r2' '-mhard-float' '-mllsc' '-mplt' '-mno-synci' '-mno-shared' '-EL' '-mabi=32' '-D' '__CS_SOURCERYGXX_MAJ__=2012' '-D' '__CS_SOURCERYGXX_MIN__=9' '-D' '__CS_SOURCERYGXX_REV__=99']
  ignore line: [ /media/lhb/long/Ingenic/sdk/mips-gcc472-glibc216-64bit/bin/../libexec/gcc/mips-linux-gnu/4.7.2/cc1plus -quiet -v -iprefix /media/lhb/long/Ingenic/sdk/mips-gcc472-glibc216-64bit/bin/../lib/gcc/mips-linux-gnu/4.7.2/ -isysroot /media/lhb/long/Ingenic/sdk/mips-gcc472-glibc216-64bit/bin/../mips-linux-gnu/libc -D_GNU_SOURCE -D __CS_SOURCERYGXX_MAJ__=2012 -D __CS_SOURCERYGXX_MIN__=9 -D __CS_SOURCERYGXX_REV__=99 /usr/local/share/cmake-3.15/Modules/CMakeCXXCompilerABI.cpp -mel -quiet -dumpbase CMakeCXXCompilerABI.cpp -march=mips32r2 -mhard-float -mllsc -mplt -mno-synci -mno-shared -mabi=32 -auxbase-strip CMakeFiles/cmTC_7a37f.dir/CMakeCXXCompilerABI.cpp.o -version -o /tmp/ccIMv60x.s]
  ignore line: [GNU C++ (Ingenic r2.3.3 2016.12) version 4.7.2 (mips-linux-gnu)]
  ignore line: [	compiled by GNU C version 4.4.7 20120313 (Red Hat 4.4.7-3), GMP version 5.0.5, MPFR version 3.1.1-p2, MPC version 1.0.1]
  ignore line: [GGC heuristics: --param ggc-min-expand=100 --param ggc-min-heapsize=131072]
  ignore line: [ignoring duplicate directory "/media/lhb/long/Ingenic/sdk/mips-gcc472-glibc216-64bit/bin/../lib/gcc/../../lib/gcc/mips-linux-gnu/4.7.2/../../../../mips-linux-gnu/include/c++/4.7.2"]
  ignore line: [ignoring duplicate directory "/media/lhb/long/Ingenic/sdk/mips-gcc472-glibc216-64bit/bin/../lib/gcc/../../lib/gcc/mips-linux-gnu/4.7.2/../../../../mips-linux-gnu/include/c++/4.7.2/mips-linux-gnu"]
  ignore line: [ignoring duplicate directory "/media/lhb/long/Ingenic/sdk/mips-gcc472-glibc216-64bit/bin/../lib/gcc/../../lib/gcc/mips-linux-gnu/4.7.2/../../../../mips-linux-gnu/include/c++/4.7.2/backward"]
  ignore line: [ignoring duplicate directory "/media/lhb/long/Ingenic/sdk/mips-gcc472-glibc216-64bit/bin/../lib/gcc/../../lib/gcc/mips-linux-gnu/4.7.2/include"]
  ignore line: [ignoring nonexistent directory "/media/lhb/long/Ingenic/sdk/mips-gcc472-glibc216-64bit/bin/../mips-linux-gnu/libc/usr/local/include"]
  ignore line: [ignoring duplicate directory "/media/lhb/long/Ingenic/sdk/mips-gcc472-glibc216-64bit/bin/../lib/gcc/../../lib/gcc/mips-linux-gnu/4.7.2/include-fixed"]
  ignore line: [ignoring duplicate directory "/media/lhb/long/Ingenic/sdk/mips-gcc472-glibc216-64bit/bin/../lib/gcc/../../lib/gcc/mips-linux-gnu/4.7.2/../../../../mips-linux-gnu/include"]
  ignore line: [#include "..." search starts here:]
  ignore line: [#include <...> search starts here:]
  ignore line: [ /media/lhb/long/Ingenic/sdk/mips-gcc472-glibc216-64bit/bin/../lib/gcc/mips-linux-gnu/4.7.2/../../../../mips-linux-gnu/include/c++/4.7.2]
  ignore line: [ /media/lhb/long/Ingenic/sdk/mips-gcc472-glibc216-64bit/bin/../lib/gcc/mips-linux-gnu/4.7.2/../../../../mips-linux-gnu/include/c++/4.7.2/mips-linux-gnu]
  ignore line: [ /media/lhb/long/Ingenic/sdk/mips-gcc472-glibc216-64bit/bin/../lib/gcc/mips-linux-gnu/4.7.2/../../../../mips-linux-gnu/include/c++/4.7.2/backward]
  ignore line: [ /media/lhb/long/Ingenic/sdk/mips-gcc472-glibc216-64bit/bin/../lib/gcc/mips-linux-gnu/4.7.2/include]
  ignore line: [ /media/lhb/long/Ingenic/sdk/mips-gcc472-glibc216-64bit/bin/../lib/gcc/mips-linux-gnu/4.7.2/include-fixed]
  ignore line: [ /media/lhb/long/Ingenic/sdk/mips-gcc472-glibc216-64bit/bin/../lib/gcc/mips-linux-gnu/4.7.2/../../../../mips-linux-gnu/include]
  ignore line: [ /media/lhb/long/Ingenic/sdk/mips-gcc472-glibc216-64bit/bin/../mips-linux-gnu/libc/usr/include]
  ignore line: [End of search list.]
  ignore line: [GNU C++ (Ingenic r2.3.3 2016.12) version 4.7.2 (mips-linux-gnu)]
  ignore line: [	compiled by GNU C version 4.4.7 20120313 (Red Hat 4.4.7-3), GMP version 5.0.5, MPFR version 3.1.1-p2, MPC version 1.0.1]
  ignore line: [GGC heuristics: --param ggc-min-expand=100 --param ggc-min-heapsize=131072]
  ignore line: [Compiler executable checksum: c8981f1b1f13ea647845a0603c07948e]
  ignore line: [COLLECT_GCC_OPTIONS='-v' '-o' 'CMakeFiles/cmTC_7a37f.dir/CMakeCXXCompilerABI.cpp.o' '-c' '-shared-libgcc' '-march=mips32r2' '-mhard-float' '-mllsc' '-mplt' '-mno-synci' '-mno-shared' '-EL' '-mabi=32' '-D' '__CS_SOURCERYGXX_MAJ__=2012' '-D' '__CS_SOURCERYGXX_MIN__=9' '-D' '__CS_SOURCERYGXX_REV__=99']
  ignore line: [ /media/lhb/long/Ingenic/sdk/mips-gcc472-glibc216-64bit/bin/../lib/gcc/mips-linux-gnu/4.7.2/../../../../mips-linux-gnu/bin/as -v -EL -O1 -no-mdebug -mabi=32 -march=mips32r2 -mno-shared -call_nonpic -o CMakeFiles/cmTC_7a37f.dir/CMakeCXXCompilerABI.cpp.o /tmp/ccIMv60x.s]
  ignore line: [GNU assembler version 2.24.51 (mips-linux-gnu) using BFD version (Ingenic r2.3.3 2016.12) 2.24.51.20140512]
  ignore line: [COMPILER_PATH=/media/lhb/long/Ingenic/sdk/mips-gcc472-glibc216-64bit/bin/../libexec/gcc/mips-linux-gnu/4.7.2/:/media/lhb/long/Ingenic/sdk/mips-gcc472-glibc216-64bit/bin/../libexec/gcc/:/media/lhb/long/Ingenic/sdk/mips-gcc472-glibc216-64bit/bin/../lib/gcc/mips-linux-gnu/4.7.2/../../../../mips-linux-gnu/bin/]
  ignore line: [LIBRARY_PATH=/media/lhb/long/Ingenic/sdk/mips-gcc472-glibc216-64bit/bin/../lib/gcc/mips-linux-gnu/4.7.2/:/media/lhb/long/Ingenic/sdk/mips-gcc472-glibc216-64bit/bin/../lib/gcc/:/media/lhb/long/Ingenic/sdk/mips-gcc472-glibc216-64bit/bin/../lib/gcc/mips-linux-gnu/4.7.2/../../../../mips-linux-gnu/lib/:/media/lhb/long/Ingenic/sdk/mips-gcc472-glibc216-64bit/bin/../mips-linux-gnu/libc/lib/:/media/lhb/long/Ingenic/sdk/mips-gcc472-glibc216-64bit/bin/../mips-linux-gnu/libc/usr/lib/]
  ignore line: [COLLECT_GCC_OPTIONS='-v' '-o' 'CMakeFiles/cmTC_7a37f.dir/CMakeCXXCompilerABI.cpp.o' '-c' '-shared-libgcc' '-march=mips32r2' '-mhard-float' '-mllsc' '-mplt' '-mno-synci' '-mno-shared' '-EL' '-mabi=32' '-D' '__CS_SOURCERYGXX_MAJ__=2012' '-D' '__CS_SOURCERYGXX_MIN__=9' '-D' '__CS_SOURCERYGXX_REV__=99']
  ignore line: [Linking CXX executable cmTC_7a37f]
  ignore line: [/usr/local/bin/cmake -E cmake_link_script CMakeFiles/cmTC_7a37f.dir/link.txt --verbose=1]
  ignore line: [/media/lhb/long/Ingenic/sdk/mips-gcc472-glibc216-64bit/bin/mips-linux-gnu-g++      -v CMakeFiles/cmTC_7a37f.dir/CMakeCXXCompilerABI.cpp.o  -o cmTC_7a37f ]
  ignore line: [Using built-in specs.]
  ignore line: [COLLECT_GCC=/media/lhb/long/Ingenic/sdk/mips-gcc472-glibc216-64bit/bin/mips-linux-gnu-g++]
  ignore line: [COLLECT_LTO_WRAPPER=/media/lhb/long/Ingenic/sdk/mips-gcc472-glibc216-64bit/bin/../libexec/gcc/mips-linux-gnu/4.7.2/lto-wrapper]
  ignore line: [Target: mips-linux-gnu]
  ignore line: [Configured with: /home/toolchains/r2.3.3/src/gcc-4.7-2012.09/configure --build=i686-pc-linux-gnu --host=i686-pc-linux-gnu --target=mips-linux-gnu --enable-threads --disable-libmudflap --disable-libssp --disable-libstdcxx-pch --with-arch-32=mips32r2 --with-float=hard --with-mips-plt --enable-extra-sgxxlite-multilibs --with-gnu-as --with-gnu-ld --with-specs='%{save-temps: -fverbose-asm} -D__CS_SOURCERYGXX_MAJ__=2012 -D__CS_SOURCERYGXX_MIN__=9 -D__CS_SOURCERYGXX_REV__=99' --enable-languages=c,c++,fortran --enable-shared --enable-lto --enable-symvers=gnu --enable-__cxa_atexit --with-pkgversion='Ingenic r2.3.3 2016.12' --disable-nls --prefix=/home/toolchains/r2.3.3/install --with-sysroot=/home/toolchains/r2.3.3/install/mips-linux-gnu/libc --with-build-sysroot=/home/toolchains/r2.3.3/install/mips-linux-gnu/libc --with-gmp=/home/toolchains/r2.3.3/obj/pkg-2012.09-99-mips-linux-gnu/mips-2012.09-99-mips-linux-gnu.extras/host-libs-i686-pc-linux-gnu/usr --with-mpfr=/home/toolchains/r2.3.3/obj/pkg-2012.09-99-mips-linux-gnu/mips-2012.09-99-mips-linux-gnu.extras/host-libs-i686-pc-linux-gnu/usr --with-mpc=/home/toolchains/r2.3.3/obj/pkg-2012.09-99-mips-linux-gnu/mips-2012.09-99-mips-linux-gnu.extras/host-libs-i686-pc-linux-gnu/usr --with-ppl=/home/toolchains/r2.3.3/obj/pkg-2012.09-99-mips-linux-gnu/mips-2012.09-99-mips-linux-gnu.extras/host-libs-i686-pc-linux-gnu/usr --with-host-libstdcxx='-static-libgcc -Wl,-Bstatic,-lstdc++,-Bdynamic -lm' --with-cloog=/home/toolchains/r2.3.3/obj/pkg-2012.09-99-mips-linux-gnu/mips-2012.09-99-mips-linux-gnu.extras/host-libs-i686-pc-linux-gnu/usr --with-libelf=/home/toolchains/r2.3.3/obj/pkg-2012.09-99-mips-linux-gnu/mips-2012.09-99-mips-linux-gnu.extras/host-libs-i686-pc-linux-gnu/usr --disable-libgomp --disable-libitm --enable-poison-system-directories --with-build-time-tools=/home/toolchains/r2.3.3/install/mips-linux-gnu/bin]
  ignore line: [Thread model: posix]
  ignore line: [gcc version 4.7.2 (Ingenic r2.3.3 2016.12) ]
  ignore line: [COMPILER_PATH=/media/lhb/long/Ingenic/sdk/mips-gcc472-glibc216-64bit/bin/../libexec/gcc/mips-linux-gnu/4.7.2/:/media/lhb/long/Ingenic/sdk/mips-gcc472-glibc216-64bit/bin/../libexec/gcc/:/media/lhb/long/Ingenic/sdk/mips-gcc472-glibc216-64bit/bin/../lib/gcc/mips-linux-gnu/4.7.2/../../../../mips-linux-gnu/bin/]
  ignore line: [LIBRARY_PATH=/media/lhb/long/Ingenic/sdk/mips-gcc472-glibc216-64bit/bin/../lib/gcc/mips-linux-gnu/4.7.2/:/media/lhb/long/Ingenic/sdk/mips-gcc472-glibc216-64bit/bin/../lib/gcc/:/media/lhb/long/Ingenic/sdk/mips-gcc472-glibc216-64bit/bin/../lib/gcc/mips-linux-gnu/4.7.2/../../../../mips-linux-gnu/lib/:/media/lhb/long/Ingenic/sdk/mips-gcc472-glibc216-64bit/bin/../mips-linux-gnu/libc/lib/:/media/lhb/long/Ingenic/sdk/mips-gcc472-glibc216-64bit/bin/../mips-linux-gnu/libc/usr/lib/]
  ignore line: [COLLECT_GCC_OPTIONS='-v' '-o' 'cmTC_7a37f' '-shared-libgcc' '-march=mips32r2' '-mhard-float' '-mllsc' '-mplt' '-mno-synci' '-mno-shared' '-EL' '-mabi=32' '-D' '__CS_SOURCERYGXX_MAJ__=2012' '-D' '__CS_SOURCERYGXX_MIN__=9' '-D' '__CS_SOURCERYGXX_REV__=99']
  link line: [ /media/lhb/long/Ingenic/sdk/mips-gcc472-glibc216-64bit/bin/../libexec/gcc/mips-linux-gnu/4.7.2/collect2 --sysroot=/media/lhb/long/Ingenic/sdk/mips-gcc472-glibc216-64bit/bin/../mips-linux-gnu/libc --eh-frame-hdr -EL -EL -dynamic-linker /lib/ld.so.1 -melf32ltsmip -o cmTC_7a37f /media/lhb/long/Ingenic/sdk/mips-gcc472-glibc216-64bit/bin/../mips-linux-gnu/libc/usr/lib/crt1.o /media/lhb/long/Ingenic/sdk/mips-gcc472-glibc216-64bit/bin/../mips-linux-gnu/libc/usr/lib/crti.o /media/lhb/long/Ingenic/sdk/mips-gcc472-glibc216-64bit/bin/../lib/gcc/mips-linux-gnu/4.7.2/crtbegin.o -L/media/lhb/long/Ingenic/sdk/mips-gcc472-glibc216-64bit/bin/../lib/gcc/mips-linux-gnu/4.7.2 -L/media/lhb/long/Ingenic/sdk/mips-gcc472-glibc216-64bit/bin/../lib/gcc -L/media/lhb/long/Ingenic/sdk/mips-gcc472-glibc216-64bit/bin/../lib/gcc/mips-linux-gnu/4.7.2/../../../../mips-linux-gnu/lib -L/media/lhb/long/Ingenic/sdk/mips-gcc472-glibc216-64bit/bin/../mips-linux-gnu/libc/lib -L/media/lhb/long/Ingenic/sdk/mips-gcc472-glibc216-64bit/bin/../mips-linux-gnu/libc/usr/lib CMakeFiles/cmTC_7a37f.dir/CMakeCXXCompilerABI.cpp.o -lstdc++ -lm -lgcc_s -lgcc -lc -lgcc_s -lgcc /media/lhb/long/Ingenic/sdk/mips-gcc472-glibc216-64bit/bin/../lib/gcc/mips-linux-gnu/4.7.2/crtend.o /media/lhb/long/Ingenic/sdk/mips-gcc472-glibc216-64bit/bin/../mips-linux-gnu/libc/usr/lib/crtn.o]
    arg [/media/lhb/long/Ingenic/sdk/mips-gcc472-glibc216-64bit/bin/../libexec/gcc/mips-linux-gnu/4.7.2/collect2] ==> ignore
    arg [--sysroot=/media/lhb/long/Ingenic/sdk/mips-gcc472-glibc216-64bit/bin/../mips-linux-gnu/libc] ==> ignore
    arg [--eh-frame-hdr] ==> ignore
    arg [-EL] ==> ignore
    arg [-EL] ==> ignore
    arg [-dynamic-linker] ==> ignore
    arg [/lib/ld.so.1] ==> ignore
    arg [-melf32ltsmip] ==> ignore
    arg [-o] ==> ignore
    arg [cmTC_7a37f] ==> ignore
    arg [/media/lhb/long/Ingenic/sdk/mips-gcc472-glibc216-64bit/bin/../mips-linux-gnu/libc/usr/lib/crt1.o] ==> ignore
    arg [/media/lhb/long/Ingenic/sdk/mips-gcc472-glibc216-64bit/bin/../mips-linux-gnu/libc/usr/lib/crti.o] ==> ignore
    arg [/media/lhb/long/Ingenic/sdk/mips-gcc472-glibc216-64bit/bin/../lib/gcc/mips-linux-gnu/4.7.2/crtbegin.o] ==> ignore
    arg [-L/media/lhb/long/Ingenic/sdk/mips-gcc472-glibc216-64bit/bin/../lib/gcc/mips-linux-gnu/4.7.2] ==> dir [/media/lhb/long/Ingenic/sdk/mips-gcc472-glibc216-64bit/bin/../lib/gcc/mips-linux-gnu/4.7.2]
    arg [-L/media/lhb/long/Ingenic/sdk/mips-gcc472-glibc216-64bit/bin/../lib/gcc] ==> dir [/media/lhb/long/Ingenic/sdk/mips-gcc472-glibc216-64bit/bin/../lib/gcc]
    arg [-L/media/lhb/long/Ingenic/sdk/mips-gcc472-glibc216-64bit/bin/../lib/gcc/mips-linux-gnu/4.7.2/../../../../mips-linux-gnu/lib] ==> dir [/media/lhb/long/Ingenic/sdk/mips-gcc472-glibc216-64bit/bin/../lib/gcc/mips-linux-gnu/4.7.2/../../../../mips-linux-gnu/lib]
    arg [-L/media/lhb/long/Ingenic/sdk/mips-gcc472-glibc216-64bit/bin/../mips-linux-gnu/libc/lib] ==> dir [/media/lhb/long/Ingenic/sdk/mips-gcc472-glibc216-64bit/bin/../mips-linux-gnu/libc/lib]
    arg [-L/media/lhb/long/Ingenic/sdk/mips-gcc472-glibc216-64bit/bin/../mips-linux-gnu/libc/usr/lib] ==> dir [/media/lhb/long/Ingenic/sdk/mips-gcc472-glibc216-64bit/bin/../mips-linux-gnu/libc/usr/lib]
    arg [CMakeFiles/cmTC_7a37f.dir/CMakeCXXCompilerABI.cpp.o] ==> ignore
    arg [-lstdc++] ==> lib [stdc++]
    arg [-lm] ==> lib [m]
    arg [-lgcc_s] ==> lib [gcc_s]
    arg [-lgcc] ==> lib [gcc]
    arg [-lc] ==> lib [c]
    arg [-lgcc_s] ==> lib [gcc_s]
    arg [-lgcc] ==> lib [gcc]
    arg [/media/lhb/long/Ingenic/sdk/mips-gcc472-glibc216-64bit/bin/../lib/gcc/mips-linux-gnu/4.7.2/crtend.o] ==> ignore
    arg [/media/lhb/long/Ingenic/sdk/mips-gcc472-glibc216-64bit/bin/../mips-linux-gnu/libc/usr/lib/crtn.o] ==> ignore
  collapse library dir [/media/lhb/long/Ingenic/sdk/mips-gcc472-glibc216-64bit/bin/../lib/gcc/mips-linux-gnu/4.7.2] ==> [/media/lhb/long/Ingenic/sdk/mips-gcc472-glibc216-64bit/lib/gcc/mips-linux-gnu/4.7.2]
  collapse library dir [/media/lhb/long/Ingenic/sdk/mips-gcc472-glibc216-64bit/bin/../lib/gcc] ==> [/media/lhb/long/Ingenic/sdk/mips-gcc472-glibc216-64bit/lib/gcc]
  collapse library dir [/media/lhb/long/Ingenic/sdk/mips-gcc472-glibc216-64bit/bin/../lib/gcc/mips-linux-gnu/4.7.2/../../../../mips-linux-gnu/lib] ==> [/media/lhb/long/Ingenic/sdk/mips-gcc472-glibc216-64bit/mips-linux-gnu/lib]
  collapse library dir [/media/lhb/long/Ingenic/sdk/mips-gcc472-glibc216-64bit/bin/../mips-linux-gnu/libc/lib] ==> [/media/lhb/long/Ingenic/sdk/mips-gcc472-glibc216-64bit/mips-linux-gnu/libc/lib]
  collapse library dir [/media/lhb/long/Ingenic/sdk/mips-gcc472-glibc216-64bit/bin/../mips-linux-gnu/libc/usr/lib] ==> [/media/lhb/long/Ingenic/sdk/mips-gcc472-glibc216-64bit/mips-linux-gnu/libc/usr/lib]
  implicit libs: [stdc++;m;gcc_s;gcc;c;gcc_s;gcc]
  implicit dirs: [/media/lhb/long/Ingenic/sdk/mips-gcc472-glibc216-64bit/lib/gcc/mips-linux-gnu/4.7.2;/media/lhb/long/Ingenic/sdk/mips-gcc472-glibc216-64bit/lib/gcc;/media/lhb/long/Ingenic/sdk/mips-gcc472-glibc216-64bit/mips-linux-gnu/lib;/media/lhb/long/Ingenic/sdk/mips-gcc472-glibc216-64bit/mips-linux-gnu/libc/lib;/media/lhb/long/Ingenic/sdk/mips-gcc472-glibc216-64bit/mips-linux-gnu/libc/usr/lib]
  implicit fwks: []




Detecting CXX [-std=c++11] compiler features compiled with the following output:
Change Dir: /media/lhb/long/github/smallcv1/build2/CMakeFiles/CMakeTmp

Run Build Command(s):/usr/bin/make cmTC_ca334/fast && /usr/bin/make -f CMakeFiles/cmTC_ca334.dir/build.make CMakeFiles/cmTC_ca334.dir/build
make[1]: Entering directory '/media/lhb/long/github/smallcv1/build2/CMakeFiles/CMakeTmp'
Building CXX object CMakeFiles/cmTC_ca334.dir/feature_tests.cxx.o
/media/lhb/long/Ingenic/sdk/mips-gcc472-glibc216-64bit/bin/mips-linux-gnu-g++    -std=c++11 -o CMakeFiles/cmTC_ca334.dir/feature_tests.cxx.o -c /media/lhb/long/github/smallcv1/build2/CMakeFiles/feature_tests.cxx
Linking CXX executable cmTC_ca334
/usr/local/bin/cmake -E cmake_link_script CMakeFiles/cmTC_ca334.dir/link.txt --verbose=1
/media/lhb/long/Ingenic/sdk/mips-gcc472-glibc216-64bit/bin/mips-linux-gnu-g++       CMakeFiles/cmTC_ca334.dir/feature_tests.cxx.o  -o cmTC_ca334 
make[1]: Leaving directory '/media/lhb/long/github/smallcv1/build2/CMakeFiles/CMakeTmp'



    Feature record: CXX_FEATURE:1cxx_template_template_parameters
    Feature record: CXX_FEATURE:1cxx_alias_templates
    Feature record: CXX_FEATURE:0cxx_alignas
    Feature record: CXX_FEATURE:0cxx_alignof
    Feature record: CXX_FEATURE:0cxx_attributes
    Feature record: CXX_FEATURE:1cxx_auto_type
    Feature record: CXX_FEATURE:1cxx_constexpr
    Feature record: CXX_FEATURE:1cxx_decltype
    Feature record: CXX_FEATURE:0cxx_decltype_incomplete_return_types
    Feature record: CXX_FEATURE:1cxx_default_function_template_args
    Feature record: CXX_FEATURE:1cxx_defaulted_functions
    Feature record: CXX_FEATURE:1cxx_defaulted_move_initializers
    Feature record: CXX_FEATURE:1cxx_delegating_constructors
    Feature record: CXX_FEATURE:1cxx_deleted_functions
    Feature record: CXX_FEATURE:1cxx_enum_forward_declarations
    Feature record: CXX_FEATURE:1cxx_explicit_conversions
    Feature record: CXX_FEATURE:1cxx_extended_friend_declarations
    Feature record: CXX_FEATURE:1cxx_extern_templates
    Feature record: CXX_FEATURE:1cxx_final
    Feature record: CXX_FEATURE:1cxx_func_identifier
    Feature record: CXX_FEATURE:1cxx_generalized_initializers
    Feature record: CXX_FEATURE:0cxx_inheriting_constructors
    Feature record: CXX_FEATURE:1cxx_inline_namespaces
    Feature record: CXX_FEATURE:1cxx_lambdas
    Feature record: CXX_FEATURE:1cxx_local_type_template_args
    Feature record: CXX_FEATURE:1cxx_long_long_type
    Feature record: CXX_FEATURE:1cxx_noexcept
    Feature record: CXX_FEATURE:1cxx_nonstatic_member_init
    Feature record: CXX_FEATURE:1cxx_nullptr
    Feature record: CXX_FEATURE:1cxx_override
    Feature record: CXX_FEATURE:1cxx_range_for
    Feature record: CXX_FEATURE:1cxx_raw_string_literals
    Feature record: CXX_FEATURE:0cxx_reference_qualified_functions
    Feature record: CXX_FEATURE:1cxx_right_angle_brackets
    Feature record: CXX_FEATURE:1cxx_rvalue_references
    Feature record: CXX_FEATURE:1cxx_sizeof_member
    Feature record: CXX_FEATURE:1cxx_static_assert
    Feature record: CXX_FEATURE:1cxx_strong_enums
    Feature record: CXX_FEATURE:0cxx_thread_local
    Feature record: CXX_FEATURE:1cxx_trailing_return_types
    Feature record: CXX_FEATURE:1cxx_unicode_literals
    Feature record: CXX_FEATURE:1cxx_uniform_initialization
    Feature record: CXX_FEATURE:1cxx_unrestricted_unions
    Feature record: CXX_FEATURE:1cxx_user_literals
    Feature record: CXX_FEATURE:1cxx_variadic_macros
    Feature record: CXX_FEATURE:1cxx_variadic_templates
    Feature record: CXX_FEATURE:0cxx_aggregate_default_initializers
    Feature record: CXX_FEATURE:0cxx_attribute_deprecated
    Feature record: CXX_FEATURE:0cxx_binary_literals
    Feature record: CXX_FEATURE:0cxx_contextual_conversions
    Feature record: CXX_FEATURE:0cxx_decltype_auto
    Feature record: CXX_FEATURE:0cxx_digit_separators
    Feature record: CXX_FEATURE:0cxx_generic_lambdas
    Feature record: CXX_FEATURE:0cxx_lambda_init_captures
    Feature record: CXX_FEATURE:0cxx_relaxed_constexpr
    Feature record: CXX_FEATURE:0cxx_return_type_deduction
    Feature record: CXX_FEATURE:0cxx_variable_templates
